<?xml version="1.0" encoding="utf-8"?><testsuites name="pytest tests"><testsuite name="pytest" errors="0" failures="0" skipped="0" tests="23" time="14.089" timestamp="2026-06-26T05:25:58.337503+00:00" hostname="agent-env-ced2d1d1-d2cb-4319-8187-ff3e5c88eda7"><testcase classname="backend.tests.test_iteration11_phase4b_dual_write.TestClientDualWrite" name="test_create_client_writes_both" time="1.541" /><testcase classname="backend.tests.test_iteration11_phase4b_dual_write.TestClientDualWrite" name="test_update_client_photo_writes_both" time="0.438" /><testcase classname="backend.tests.test_iteration11_phase4b_dual_write.TestClientDualWrite" name="test_delete_client_cascades_in_postgres" time="1.797" /><testcase classname="backend.tests.test_iteration11_phase4b_dual_write.TestUserPhotoDualWrite" name="test_update_admin_photo_writes_both" time="0.484" /><testcase classname="backend.tests.test_iteration11_phase4b_dual_write.TestAssignmentDualWrite" name="test_create_assignment_writes_both" time="0.437" /><testcase classname="backend.tests.test_iteration11_phase4b_dual_write.TestAssignmentDualWrite" name="test_create_assignment_idempotent" time="0.435" /><testcase classname="backend.tests.test_iteration11_phase4b_dual_write.TestAssignmentDualWrite" name="test_get_assignments_reads_from_postgres" time="0.290" /><testcase classname="backend.tests.test_iteration11_phase4b_dual_write.TestAssignmentDualWrite" name="test_delete_assignment_removes_both" time="0.705" /><testcase classname="backend.tests.test_iteration11_phase4b_dual_write.TestClientTasksDualWrite" name="test_bulk_assign_creates_tasks_in_both" time="1.504" /><testcase classname="backend.tests.test_iteration11_phase4b_dual_write.TestClientTasksDualWrite" name="test_toggle_task_writes_both" time="0.869" /><testcase classname="backend.tests.test_iteration11_phase4b_dual_write.TestSliceARegression" name="test_auth_me[legacy]" time="0.854" /><testcase classname="backend.tests.test_iteration11_phase4b_dual_write.TestSliceARegression" name="test_auth_me[supabase]" time="0.268" /><testcase classname="backend.tests.test_iteration11_phase4b_dual_write.TestSliceARegression" name="test_caregivers[legacy]" time="0.226" /><testcase classname="backend.tests.test_iteration11_phase4b_dual_write.TestSliceARegression" name="test_caregivers[supabase]" time="0.235" /><testcase classname="backend.tests.test_iteration11_phase4b_dual_write.TestSliceARegression" name="test_clients[legacy]" time="0.391" /><testcase classname="backend.tests.test_iteration11_phase4b_dual_write.TestSliceARegression" name="test_clients[supabase]" time="0.342" /><testcase classname="backend.tests.test_iteration11_phase4b_dual_write.TestSliceARegression" name="test_stats[legacy]" time="0.495" /><testcase classname="backend.tests.test_iteration11_phase4b_dual_write.TestSliceARegression" name="test_stats[supabase]" time="0.496" /><testcase classname="backend.tests.test_iteration11_phase4b_dual_write.TestMongoRegression" name="test_documents" time="0.458" /><testcase classname="backend.tests.test_iteration11_phase4b_dual_write.TestMongoRegression" name="test_onboarding" time="0.164" /><testcase classname="backend.tests.test_iteration11_phase4b_dual_write.TestMongoRegression" name="test_shifts" time="0.162" /><testcase classname="backend.tests.test_iteration11_phase4b_dual_write.TestMongoRegression" name="test_training" time="0.163" /><testcase classname="backend.tests.test_iteration11_phase4b_dual_write.TestParity" name="test_clients_and_assignments_count_parity" time="1.265" /></testsuite></testsuites>