<?xml version="1.0" encoding="utf-8"?><testsuites name="pytest tests"><testsuite name="pytest" errors="0" failures="0" skipped="0" tests="15" time="2.553" timestamp="2026-06-26T04:49:16.754429+00:00" hostname="agent-env-ced2d1d1-d2cb-4319-8187-ff3e5c88eda7"><testcase classname="tests.test_iteration8_supabase_dual_auth.TestSupabaseStatus" name="test_status_enabled_and_db_ok" time="0.703" /><testcase classname="tests.test_iteration8_supabase_dual_auth.TestLegacyAuth" name="test_legacy_login_token_present" time="0.297" /><testcase classname="tests.test_iteration8_supabase_dual_auth.TestLegacyAuth" name="test_legacy_token_authenticates_protected_routes[/api/stats]" time="0.047" /><testcase classname="tests.test_iteration8_supabase_dual_auth.TestLegacyAuth" name="test_legacy_token_authenticates_protected_routes[/api/documents]" time="0.275" /><testcase classname="tests.test_iteration8_supabase_dual_auth.TestLegacyAuth" name="test_legacy_token_authenticates_protected_routes[/api/clients]" time="0.081" /><testcase classname="tests.test_iteration8_supabase_dual_auth.TestLegacyAuth" name="test_legacy_token_authenticates_protected_routes[/api/caregivers]" time="0.079" /><testcase classname="tests.test_iteration8_supabase_dual_auth.TestSupabaseAuth" name="test_supabase_token_obtained" time="0.272" /><testcase classname="tests.test_iteration8_supabase_dual_auth.TestSupabaseAuth" name="test_supabase_token_authenticates_protected_routes[/api/stats]" time="0.137" /><testcase classname="tests.test_iteration8_supabase_dual_auth.TestSupabaseAuth" name="test_supabase_token_authenticates_protected_routes[/api/documents]" time="0.239" /><testcase classname="tests.test_iteration8_supabase_dual_auth.TestSupabaseAuth" name="test_supabase_token_authenticates_protected_routes[/api/clients]" time="0.076" /><testcase classname="tests.test_iteration8_supabase_dual_auth.TestSupabaseAuth" name="test_supabase_token_authenticates_protected_routes[/api/caregivers]" time="0.076" /><testcase classname="tests.test_iteration8_supabase_dual_auth.TestSupabaseAuth" name="test_supabase_me_returns_merged_profile" time="0.108" /><testcase classname="tests.test_iteration8_supabase_dual_auth.TestInvalidTokens" name="test_garbage_token_rejected" time="0.044" /><testcase classname="tests.test_iteration8_supabase_dual_auth.TestInvalidTokens" name="test_random_jwt_rejected" time="0.043" /><testcase classname="tests.test_iteration8_supabase_dual_auth.TestInvalidTokens" name="test_missing_auth_rejected" time="0.042" /></testsuite></testsuites>