<?xml version="1.0" encoding="utf-8"?><testsuites name="pytest tests"><testsuite name="pytest" errors="0" failures="0" skipped="0" tests="41" time="66.193" timestamp="2026-06-26T15:50:41.547904+00:00" hostname="agent-env-ced2d1d1-d2cb-4319-8187-ff3e5c88eda7"><testcase classname="backend.tests.test_iteration17_phase4h_policies_training_dualwrite.TestPolicyAcknowledge" name="test_post_ack_creates_row_in_both_dbs" time="2.186" /><testcase classname="backend.tests.test_iteration17_phase4h_policies_training_dualwrite.TestPolicyAcknowledge" name="test_re_ack_is_idempotent_in_both_dbs" time="0.673" /><testcase classname="backend.tests.test_iteration17_phase4h_policies_training_dualwrite.TestPolicyAcknowledge" name="test_get_acknowledgments_caregiver_sees_only_own" time="0.465" /><testcase classname="backend.tests.test_iteration17_phase4h_policies_training_dualwrite.TestPolicyAcknowledge" name="test_get_acknowledgments_caregiver_user_id_filter_ignored" time="0.232" /><testcase classname="backend.tests.test_iteration17_phase4h_policies_training_dualwrite.TestPolicyAcknowledge" name="test_get_acknowledgments_admin_filter" time="0.469" /><testcase classname="backend.tests.test_iteration17_phase4h_policies_training_dualwrite.TestPolicyAcknowledge" name="test_get_acknowledgments_admin_no_filter_returns_all" time="0.593" /><testcase classname="backend.tests.test_iteration17_phase4h_policies_training_dualwrite.TestPolicyAcknowledge" name="test_post_ack_nonexistent_policy_returns_404" time="0.178" /><testcase classname="backend.tests.test_iteration17_phase4h_policies_training_dualwrite.TestPolicyAcknowledge" name="test_delete_ack_removes_from_both_dbs" time="0.702" /><testcase classname="backend.tests.test_iteration17_phase4h_policies_training_dualwrite.TestTrainingNoFile" name="test_create_training_no_file_dual_writes" time="0.492" /><testcase classname="backend.tests.test_iteration17_phase4h_policies_training_dualwrite.TestTrainingNoFile" name="test_create_training_with_file_uploads_to_storage" time="0.893" /><testcase classname="backend.tests.test_iteration17_phase4h_policies_training_dualwrite.TestTrainingNoFile" name="test_get_training_returns_from_pg_for_admin" time="0.235" /><testcase classname="backend.tests.test_iteration17_phase4h_policies_training_dualwrite.TestTrainingNoFile" name="test_get_training_returns_from_pg_for_caregiver" time="0.232" /><testcase classname="backend.tests.test_iteration17_phase4h_policies_training_dualwrite.TestTrainingCompletions" name="test_complete_creates_row_in_both_dbs" time="0.690" /><testcase classname="backend.tests.test_iteration17_phase4h_policies_training_dualwrite.TestTrainingCompletions" name="test_recomplete_is_idempotent" time="0.916" /><testcase classname="backend.tests.test_iteration17_phase4h_policies_training_dualwrite.TestTrainingCompletions" name="test_get_completions_caregiver_sees_only_own" time="0.706" /><testcase classname="backend.tests.test_iteration17_phase4h_policies_training_dualwrite.TestTrainingCompletions" name="test_get_completions_caregiver_id_filter_ignored_for_caregiver" time="0.231" /><testcase classname="backend.tests.test_iteration17_phase4h_policies_training_dualwrite.TestTrainingCompletions" name="test_get_completions_admin_can_filter" time="0.230" /><testcase classname="backend.tests.test_iteration17_phase4h_policies_training_dualwrite.TestTrainingDelete" name="test_delete_training_cascades_completions" time="1.363" /><testcase classname="backend.tests.test_iteration17_phase4h_policies_training_dualwrite.TestRegressionAtoG" name="test_auth_me[legacy_admin_token]" time="0.164" /><testcase classname="backend.tests.test_iteration17_phase4h_policies_training_dualwrite.TestRegressionAtoG" name="test_auth_me[supabase_admin_token]" time="0.498" /><testcase classname="backend.tests.test_iteration17_phase4h_policies_training_dualwrite.TestRegressionAtoG" name="test_caregivers[legacy_admin_token]" time="0.237" /><testcase classname="backend.tests.test_iteration17_phase4h_policies_training_dualwrite.TestRegressionAtoG" name="test_caregivers[supabase_admin_token]" time="0.242" /><testcase classname="backend.tests.test_iteration17_phase4h_policies_training_dualwrite.TestRegressionAtoG" name="test_clients[legacy_admin_token]" time="0.416" /><testcase classname="backend.tests.test_iteration17_phase4h_policies_training_dualwrite.TestRegressionAtoG" name="test_clients[supabase_admin_token]" time="0.303" /><testcase classname="backend.tests.test_iteration17_phase4h_policies_training_dualwrite.TestRegressionAtoG" name="test_assignments[legacy_admin_token]" time="0.241" /><testcase classname="backend.tests.test_iteration17_phase4h_policies_training_dualwrite.TestRegressionAtoG" name="test_assignments[supabase_admin_token]" time="0.234" /><testcase classname="backend.tests.test_iteration17_phase4h_policies_training_dualwrite.TestRegressionAtoG" name="test_documents[legacy_admin_token]" time="0.396" /><testcase classname="backend.tests.test_iteration17_phase4h_policies_training_dualwrite.TestRegressionAtoG" name="test_documents[supabase_admin_token]" time="0.396" /><testcase classname="backend.tests.test_iteration17_phase4h_policies_training_dualwrite.TestRegressionAtoG" name="test_shifts[legacy_admin_token]" time="0.238" /><testcase classname="backend.tests.test_iteration17_phase4h_policies_training_dualwrite.TestRegressionAtoG" name="test_shifts[supabase_admin_token]" time="0.236" /><testcase classname="backend.tests.test_iteration17_phase4h_policies_training_dualwrite.TestRegressionAtoG" name="test_chat_threads[legacy_admin_token]" time="0.237" /><testcase classname="backend.tests.test_iteration17_phase4h_policies_training_dualwrite.TestRegressionAtoG" name="test_chat_threads[supabase_admin_token]" time="0.284" /><testcase classname="backend.tests.test_iteration17_phase4h_policies_training_dualwrite.TestRegressionAtoG" name="test_onboarding[legacy_admin_token]" time="0.249" /><testcase classname="backend.tests.test_iteration17_phase4h_policies_training_dualwrite.TestRegressionAtoG" name="test_onboarding[supabase_admin_token]" time="0.234" /><testcase classname="backend.tests.test_iteration17_phase4h_policies_training_dualwrite.TestRegressionAtoG" name="test_policies_acks[legacy_admin_token]" time="0.235" /><testcase classname="backend.tests.test_iteration17_phase4h_policies_training_dualwrite.TestRegressionAtoG" name="test_policies_acks[supabase_admin_token]" time="0.233" /><testcase classname="backend.tests.test_iteration17_phase4h_policies_training_dualwrite.TestRegressionAtoG" name="test_training_list[legacy_admin_token]" time="0.226" /><testcase classname="backend.tests.test_iteration17_phase4h_policies_training_dualwrite.TestRegressionAtoG" name="test_training_list[supabase_admin_token]" time="0.246" /><testcase classname="backend.tests.test_iteration17_phase4h_policies_training_dualwrite.TestParity" name="test_policy_acks_parity" time="0.246" /><testcase classname="backend.tests.test_iteration17_phase4h_policies_training_dualwrite.TestParity" name="test_training_parity" time="0.200" /><testcase classname="backend.tests.test_iteration17_phase4h_policies_training_dualwrite.TestParity" name="test_training_completions_parity" time="48.425" /></testsuite></testsuites>