<?xml version="1.0" encoding="utf-8"?><testsuites name="pytest tests"><testsuite name="pytest" errors="0" failures="4" skipped="0" tests="40" time="16.317" timestamp="2026-06-21T04:49:56.151359+00:00" hostname="agent-env-ced2d1d1-d2cb-4319-8187-ff3e5c88eda7"><testcase classname="backend.tests.test_healthguard_api.TestAuth" name="test_health" time="0.119" /><testcase classname="backend.tests.test_healthguard_api.TestAuth" name="test_login_admin_seeded" time="0.346" /><testcase classname="backend.tests.test_healthguard_api.TestAuth" name="test_login_caregiver_seeded" time="0.351" /><testcase classname="backend.tests.test_healthguard_api.TestAuth" name="test_login_invalid" time="0.312" /><testcase classname="backend.tests.test_healthguard_api.TestAuth" name="test_register_and_duplicate" time="0.418" /><testcase classname="backend.tests.test_healthguard_api.TestAuth" name="test_me_unauthorized" time="0.097" /><testcase classname="backend.tests.test_healthguard_api.TestAuth" name="test_me_authorized" time="0.409" /><testcase classname="backend.tests.test_healthguard_api.TestRBAC" name="test_caregiver_cannot_create_client" time="0.412" /><testcase classname="backend.tests.test_healthguard_api.TestRBAC" name="test_caregiver_cannot_create_training" time="0.092" /><testcase classname="backend.tests.test_healthguard_api.TestRBAC" name="test_caregiver_cannot_create_onboarding" time="0.279" /><testcase classname="backend.tests.test_healthguard_api.TestClients" name="test_client_crud" time="0.546" /><testcase classname="backend.tests.test_healthguard_api.TestCaregivers" name="test_list_caregivers" time="0.149" /><testcase classname="backend.tests.test_healthguard_api.TestDocuments" name="test_doc_create_admin" time="0.494" /><testcase classname="backend.tests.test_healthguard_api.TestDocuments" name="test_caregiver_cannot_delete" time="0.310" /><testcase classname="backend.tests.test_healthguard_api.TestDocuments" name="test_caregiver_scoping" time="1.271" /><testcase classname="backend.tests.test_healthguard_api.TestAssignments" name="test_assignment_crud_and_scope" time="0.576" /><testcase classname="backend.tests.test_healthguard_api.TestTraining" name="test_training_lifecycle_and_idempotent_complete" time="0.597" /><testcase classname="backend.tests.test_healthguard_api.TestOnboarding" name="test_onboarding_toggle" time="0.490" /><testcase classname="backend.tests.test_healthguard_api.TestStats" name="test_stats" time="0.090" /><testcase classname="backend.tests.test_healthguard_api.TestAssistant" name="test_chat_stream_and_history" time="2.689" /><testcase classname="backend.tests.test_iteration2_templates_credentials.TestAdminRebrand" name="test_admin_name_is_sister_to_sister" time="0.310" /><testcase classname="backend.tests.test_iteration2_templates_credentials.TestSeedTemplates" name="test_seed_forbidden_for_caregiver" time="0.156" /><testcase classname="backend.tests.test_iteration2_templates_credentials.TestSeedTemplates" name="test_seed_unauthorized" time="0.091" /><testcase classname="backend.tests.test_iteration2_templates_credentials.TestSeedTemplates" name="test_seed_creates_then_idempotent" time="0.240"><failure message="AssertionError: Seeding should be idempotent, got created=11 on 2nd run&#10;assert 11 == 0">backend/tests/test_iteration2_templates_credentials.py:69: in test_seed_creates_then_idempotent
    assert body2["created"] == 0, (
E   AssertionError: Seeding should be idempotent, got created=11 on 2nd run
E   assert 11 == 0</failure></testcase><testcase classname="backend.tests.test_iteration2_templates_credentials.TestSeedTemplates" name="test_client_onboarding_seeded_10_sorted" time="0.247"><failure message="AssertionError: Expected 10 client_onboarding templates, got 0&#10;assert 0 == 10&#10; +  where 0 = len([])">backend/tests/test_iteration2_templates_credentials.py:92: in test_client_onboarding_seeded_10_sorted
    assert len(templates) == 10, f"Expected 10 client_onboarding templates, got {len(templates)}"
E   AssertionError: Expected 10 client_onboarding templates, got 0
E   assert 0 == 10
E    +  where 0 = len([])</failure></testcase><testcase classname="backend.tests.test_iteration2_templates_credentials.TestSeedTemplates" name="test_caregiver_onboarding_seeded_12_sorted" time="0.210"><failure message="AssertionError: Expected 12 caregiver_onboarding templates, got 11&#10;assert 11 == 12&#10; +  where 11 = len([{'id': '8f57a860-ce9b-42b0-9132-09302d610831', 'title': '02 - Form I-9 Employment Eligibility', 'category': 'caregiver_onboarding', 'owner_id': None, ...}, {'id': '2589f4c8-b967-4748-9b2f-acf51756dd0f', 'title': '03 - Form W-4 Tax Withholding', 'category': 'caregiver_onboarding', 'owner_id': None, ...}, {'id': '9efe004c-f0ac-47f8-8640-bac4644c9fa9', 'title': '04 - Direct Deposit Authorization', 'category': 'caregiver_onboarding', 'owner_id': None, ...}, {'id': 'c23840e1-7c53-4686-8fa3-b426adf35159', 'title': '05 - OIG / Background Check Authorization', 'category': 'caregiver_onboarding', 'owner_id': None, ...}, {'id': '4f553b74-cbf2-4ecd-8486-1a6bf888a0e9', 'title': '06 - TB Test / Health Clearance', 'category': 'caregiver_onboarding', 'owner_id': None, ...}, {'id': '842878c0-507c-4a7a-945a-cca622731e9d', 'title': '07 - Confidentiality &amp; HIPAA Agreement', 'category': 'caregiver_onboarding', 'owner_id': None, ...}, ...])">backend/tests/test_iteration2_templates_credentials.py:114: in test_caregiver_onboarding_seeded_12_sorted
    assert len(templates) == 12, (
E   AssertionError: Expected 12 caregiver_onboarding templates, got 11
E   assert 11 == 12
E    +  where 11 = len([{'id': '8f57a860-ce9b-42b0-9132-09302d610831', 'title': '02 - Form I-9 Employment Eligibility', 'category': 'caregiver_onboarding', 'owner_id': None, ...}, {'id': '2589f4c8-b967-4748-9b2f-acf51756dd0f', 'title': '03 - Form W-4 Tax Withholding', 'category': 'caregiver_onboarding', 'owner_id': None, ...}, {'id': '9efe004c-f0ac-47f8-8640-bac4644c9fa9', 'title': '04 - Direct Deposit Authorization', 'category': 'caregiver_onboarding', 'owner_id': None, ...}, {'id': 'c23840e1-7c53-4686-8fa3-b426adf35159', 'title': '05 - OIG / Background Check Authorization', 'category': 'caregiver_onboarding', 'owner_id': None, ...}, {'id': '4f553b74-cbf2-4ecd-8486-1a6bf888a0e9', 'title': '06 - TB Test / Health Clearance', 'category': 'caregiver_onboarding', 'owner_id': None, ...}, {'id': '842878c0-507c-4a7a-945a-cca622731e9d', 'title': '07 - Confidentiality &amp; HIPAA Agreement', 'category': 'caregiver_onboarding', 'owner_id': None, ...}, ...])</failure></testcase><testcase classname="backend.tests.test_iteration2_templates_credentials.TestSeedTemplates" name="test_policy_seeded_10" time="0.406"><failure message="AssertionError: Expected 10 policy stubs, got 11&#10;assert 11 == 10&#10; +  where 11 = len([{'id': '3d3302fd-09f6-4d93-baf3-ac155deeefa9', 'title': '01 - Code of Conduct', 'category': 'policy', 'owner_id': None, ...}, {'id': '10cac2c3-2c17-4e7e-ab35-146d4c60e190', 'title': 'Policy &amp; Procedure Handbook — Sister to Sister, PHCP', 'category': 'policy', 'owner_id': None, ...}, {'id': '40617f80-c89b-4b88-bebd-0174c6563982', 'title': '02 - HIPAA Privacy Policy', 'category': 'policy', 'owner_id': None, ...}, {'id': '0e098041-ba54-4924-a692-f0ffb9e63103', 'title': '03 - Bloodborne Pathogens &amp; Infection Control', 'category': 'policy', 'owner_id': None, ...}, {'id': '6707fee3-3ccb-4d3c-bd84-1b23952613f4', 'title': '04 - Emergency Preparedness Plan', 'category': 'policy', 'owner_id': None, ...}, {'id': 'bb81f728-8858-416e-85df-29e5ba94e148', 'title': '05 - Medication Management Policy', 'category': 'policy', 'owner_id': None, ...}, ...])">backend/tests/test_iteration2_templates_credentials.py:135: in test_policy_seeded_10
    assert len(policy_stubs) == 10, f"Expected 10 policy stubs, got {len(policy_stubs)}"
E   AssertionError: Expected 10 policy stubs, got 11
E   assert 11 == 10
E    +  where 11 = len([{'id': '3d3302fd-09f6-4d93-baf3-ac155deeefa9', 'title': '01 - Code of Conduct', 'category': 'policy', 'owner_id': None, ...}, {'id': '10cac2c3-2c17-4e7e-ab35-146d4c60e190', 'title': 'Policy &amp; Procedure Handbook — Sister to Sister, PHCP', 'category': 'policy', 'owner_id': None, ...}, {'id': '40617f80-c89b-4b88-bebd-0174c6563982', 'title': '02 - HIPAA Privacy Policy', 'category': 'policy', 'owner_id': None, ...}, {'id': '0e098041-ba54-4924-a692-f0ffb9e63103', 'title': '03 - Bloodborne Pathogens &amp; Infection Control', 'category': 'policy', 'owner_id': None, ...}, {'id': '6707fee3-3ccb-4d3c-bd84-1b23952613f4', 'title': '04 - Emergency Preparedness Plan', 'category': 'policy', 'owner_id': None, ...}, {'id': 'bb81f728-8858-416e-85df-29e5ba94e148', 'title': '05 - Medication Management Policy', 'category': 'policy', 'owner_id': None, ...}, ...])</failure></testcase><testcase classname="backend.tests.test_iteration2_templates_credentials.TestCredentials" name="test_credentials_templates_admin" time="0.088" /><testcase classname="backend.tests.test_iteration2_templates_credentials.TestCredentials" name="test_credentials_templates_caregiver" time="0.092" /><testcase classname="backend.tests.test_iteration2_templates_credentials.TestCredentials" name="test_credentials_templates_unauthorized" time="0.095" /><testcase classname="backend.tests.test_iteration2_templates_credentials.TestCredentials" name="test_caregiver_create_credential_and_persist" time="0.515" /><testcase classname="backend.tests.test_iteration2_templates_credentials.TestCredentials" name="test_caregiver_document_scoping_with_templates" time="0.801" /><testcase classname="backend.tests.test_iteration2_templates_credentials.TestCredentials" name="test_credentials_expiring_scoping" time="0.944" /><testcase classname="backend.tests.test_iteration2_templates_credentials.TestCredentials" name="test_credentials_expiring_unauthorized" time="0.100" /><testcase classname="backend.tests.test_iteration2_templates_credentials.TestStatsRegression" name="test_stats_shape_unchanged" time="0.091" /><testcase classname="backend.tests.test_iteration3_push_and_assignments.TestDocumentPush" name="test_push_clones_to_caregiver_and_client" time="0.801" /><testcase classname="backend.tests.test_iteration3_push_and_assignments.TestDocumentPush" name="test_push_404_for_missing_source" time="0.093" /><testcase classname="backend.tests.test_iteration3_push_and_assignments.TestDocumentPush" name="test_push_requires_admin" time="0.261" /><testcase classname="backend.tests.test_iteration3_push_and_assignments.TestDocumentPush" name="test_push_ignores_invalid_targets" time="0.234" /><testcase classname="backend.tests.test_iteration3_push_and_assignments.TestAssignmentIdempotency" name="test_same_pair_twice_returns_existing" time="0.365" /></testsuite></testsuites>