<?xml version="1.0" encoding="utf-8"?><testsuites name="pytest tests"><testsuite name="pytest" errors="0" failures="0" skipped="0" tests="25" time="18.867" timestamp="2026-06-22T03:40:20.972389+00:00" hostname="agent-env-ced2d1d1-d2cb-4319-8187-ff3e5c88eda7"><testcase classname="backend.tests.test_iteration7_fillable_and_policies.TestRebuildFillable" name="test_rebuild_fillable_first_call" time="0.755" /><testcase classname="backend.tests.test_iteration7_fillable_and_policies.TestRebuildFillable" name="test_rebuild_fillable_idempotent" time="0.445" /><testcase classname="backend.tests.test_iteration7_fillable_and_policies.TestRebuildFillable" name="test_rebuild_fillable_forbidden_for_caregiver" time="0.447" /><testcase classname="backend.tests.test_iteration7_fillable_and_policies.TestOnboardingLists" name="test_client_onboarding_returns_13_unique_docs" time="0.119" /><testcase classname="backend.tests.test_iteration7_fillable_and_policies.TestOnboardingLists" name="test_caregiver_onboarding_returns_14_unique_docs" time="0.118" /><testcase classname="backend.tests.test_iteration7_fillable_and_policies.TestOnboardingLists" name="test_caregiver_onboarding_all_fillable_pdfs" time="0.143" /><testcase classname="backend.tests.test_iteration7_fillable_and_policies.TestOnboardingLists" name="test_client_onboarding_fillable_subset" time="0.115" /><testcase classname="backend.tests.test_iteration7_fillable_and_policies.TestPolicyAcknowledgments" name="test_caregiver_can_acknowledge_policy" time="0.432" /><testcase classname="backend.tests.test_iteration7_fillable_and_policies.TestPolicyAcknowledgments" name="test_acknowledge_is_idempotent" time="0.677" /><testcase classname="backend.tests.test_iteration7_fillable_and_policies.TestPolicyAcknowledgments" name="test_admin_can_acknowledge" time="0.492" /><testcase classname="backend.tests.test_iteration7_fillable_and_policies.TestPolicyAcknowledgments" name="test_acknowledge_unknown_policy_404" time="0.102" /><testcase classname="backend.tests.test_iteration7_fillable_and_policies.TestPolicyAcknowledgments" name="test_caregiver_sees_only_own_acks" time="0.749" /><testcase classname="backend.tests.test_iteration7_fillable_and_policies.TestPolicyAcknowledgments" name="test_caregiver_user_id_query_is_ignored" time="0.098" /><testcase classname="backend.tests.test_iteration7_fillable_and_policies.TestPolicyAcknowledgments" name="test_admin_can_query_user_id" time="0.548" /><testcase classname="backend.tests.test_iteration7_fillable_and_policies.TestPolicyAcknowledgments" name="test_delete_removes_ack" time="0.604" /><testcase classname="backend.tests.test_iteration7_fillable_and_policies.TestRegressionSmoke" name="test_admin_login" time="0.321" /><testcase classname="backend.tests.test_iteration7_fillable_and_policies.TestRegressionSmoke" name="test_caregiver_login" time="0.316" /><testcase classname="backend.tests.test_iteration7_fillable_and_policies.TestRegressionSmoke" name="test_shifts_list" time="0.103" /><testcase classname="backend.tests.test_iteration7_fillable_and_policies.TestRegressionSmoke" name="test_ms_status" time="0.095" /><testcase classname="backend.tests.test_iteration7_fillable_and_policies.TestRegressionSmoke" name="test_audit_binder" time="11.305" /><testcase classname="backend.tests.test_iteration7_fillable_and_policies.TestRegressionSmoke" name="test_replication_playbook_pdf" time="0.165" /><testcase classname="backend.tests.test_iteration7_fillable_and_policies.TestRegressionSmoke" name="test_replication_intake_form_pdf" time="0.114" /><testcase classname="backend.tests.test_iteration7_fillable_and_policies.TestRegressionSmoke" name="test_chat_threads" time="0.171" /><testcase classname="backend.tests.test_iteration7_fillable_and_policies.TestRegressionSmoke" name="test_assignments_list" time="0.100" /><testcase classname="backend.tests.test_iteration7_fillable_and_policies.TestRegressionSmoke" name="test_document_push_endpoint_reachable" time="0.275" /></testsuite></testsuites>