<?xml version="1.0" encoding="utf-8"?><testsuites name="pytest tests"><testsuite name="pytest" errors="0" failures="0" skipped="0" tests="28" time="3.563" timestamp="2026-06-26T05:01:18.286233+00:00" hostname="agent-env-ced2d1d1-d2cb-4319-8187-ff3e5c88eda7"><testcase classname="tests.test_iteration9_phase3_data_migration.TestSupabaseStatus" name="test_status_reflects_migration" time="0.899" /><testcase classname="tests.test_iteration9_phase3_data_migration.TestLegacyAuthRegression" name="test_legacy_login_succeeds" time="0.294" /><testcase classname="tests.test_iteration9_phase3_data_migration.TestLegacyAuthRegression" name="test_legacy_token_hits_stats" time="0.052" /><testcase classname="tests.test_iteration9_phase3_data_migration.TestSupabaseAuthAndUUIDAlignment" name="test_supabase_login_returns_expected_uuid" time="0.253" /><testcase classname="tests.test_iteration9_phase3_data_migration.TestSupabaseAuthAndUUIDAlignment" name="test_supabase_token_is_jwt" time="0.000" /><testcase classname="tests.test_iteration9_phase3_data_migration.TestSupabaseAuthAndUUIDAlignment" name="test_supabase_token_authorises_protected_routes[/api/stats]" time="0.139" /><testcase classname="tests.test_iteration9_phase3_data_migration.TestSupabaseAuthAndUUIDAlignment" name="test_supabase_token_authorises_protected_routes[/api/clients]" time="0.117" /><testcase classname="tests.test_iteration9_phase3_data_migration.TestSupabaseAuthAndUUIDAlignment" name="test_supabase_token_authorises_protected_routes[/api/caregivers]" time="0.079" /><testcase classname="tests.test_iteration9_phase3_data_migration.TestSupabaseAuthAndUUIDAlignment" name="test_supabase_token_authorises_protected_routes[/api/documents]" time="0.247" /><testcase classname="tests.test_iteration9_phase3_data_migration.TestStatsCounters" name="test_stats_counters_match_mongo" time="0.047" /><testcase classname="tests.test_iteration9_phase3_data_migration.TestMongoCollectionsViaApi" name="test_clients_list" time="0.075" /><testcase classname="tests.test_iteration9_phase3_data_migration.TestMongoCollectionsViaApi" name="test_caregivers_list" time="0.076" /><testcase classname="tests.test_iteration9_phase3_data_migration.TestMongoCollectionsViaApi" name="test_documents_list" time="0.242" /><testcase classname="tests.test_iteration9_phase3_data_migration.TestSupabaseMe" name="test_me_returns_merged_profile" time="0.109" /><testcase classname="tests.test_iteration9_phase3_data_migration.TestSupabasePgCounts" name="test_table_row_count[profiles-13]" time="0.529" /><testcase classname="tests.test_iteration9_phase3_data_migration.TestSupabasePgCounts" name="test_table_row_count[clients-1]" time="0.000" /><testcase classname="tests.test_iteration9_phase3_data_migration.TestSupabasePgCounts" name="test_table_row_count[documents-50]" time="0.000" /><testcase classname="tests.test_iteration9_phase3_data_migration.TestSupabasePgCounts" name="test_table_row_count[assignments-2]" time="0.000" /><testcase classname="tests.test_iteration9_phase3_data_migration.TestSupabasePgCounts" name="test_table_row_count[shifts-3]" time="0.000" /><testcase classname="tests.test_iteration9_phase3_data_migration.TestSupabasePgCounts" name="test_table_row_count[chat_messages-24]" time="0.000" /><testcase classname="tests.test_iteration9_phase3_data_migration.TestSupabasePgCounts" name="test_table_row_count[chat_dms-2]" time="0.000" /><testcase classname="tests.test_iteration9_phase3_data_migration.TestSupabasePgCounts" name="test_table_row_count[client_tasks-13]" time="0.000" /><testcase classname="tests.test_iteration9_phase3_data_migration.TestSupabasePgCounts" name="test_table_row_count[onboarding-52]" time="0.000" /><testcase classname="tests.test_iteration9_phase3_data_migration.TestUuidAlignment" name="test_mongo_user_count" time="0.214" /><testcase classname="tests.test_iteration9_phase3_data_migration.TestUuidAlignment" name="test_pg_profile_count" time="0.000" /><testcase classname="tests.test_iteration9_phase3_data_migration.TestUuidAlignment" name="test_uuids_match_exactly" time="0.000" /><testcase classname="tests.test_iteration9_phase3_data_migration.TestUuidAlignment" name="test_admin_uuid_is_preserved_mongo_uuid" time="0.000" /><testcase classname="tests.test_iteration9_phase3_data_migration.TestUuidAlignment" name="test_emails_align_for_same_uuid" time="0.001" /></testsuite></testsuites>