<?xml version="1.0" encoding="utf-8"?><testsuites name="pytest tests"><testsuite name="pytest" errors="0" failures="0" skipped="0" tests="8" time="2.711" timestamp="2026-07-03T18:23:11.057792+00:00" hostname="agent-env-ced2d1d1-d2cb-4319-8187-ff3e5c88eda7"><testcase classname="backend.tests.test_iteration24_dynamic_submissions.TestSubmissionsHappyPath" name="test_populated_submission_returns_201_and_field_count" time="0.893" /><testcase classname="backend.tests.test_iteration24_dynamic_submissions.TestSubmissionsHappyPath" name="test_empty_values_returns_field_count_zero" time="0.248" /><testcase classname="backend.tests.test_iteration24_dynamic_submissions.TestSubmissionsHappyPath" name="test_signature_b64_optional_field_accepted" time="0.193" /><testcase classname="backend.tests.test_iteration24_dynamic_submissions.TestSubmissionsErrors" name="test_unknown_document_returns_404" time="0.190" /><testcase classname="backend.tests.test_iteration24_dynamic_submissions.TestSubmissionsErrors" name="test_missing_auth_returns_401_or_403" time="0.156" /><testcase classname="backend.tests.test_iteration24_dynamic_submissions" name="test_submission_row_persisted_in_mongo" time="0.515" /><testcase classname="backend.tests.test_iteration24_dynamic_submissions" name="test_submission_row_signature_null_when_omitted" time="0.175" /><testcase classname="backend.tests.test_iteration24_dynamic_submissions.TestPhase1SchemaRegression" name="test_schema_endpoint_still_returns_envelope" time="0.195" /></testsuite></testsuites>