<?xml version="1.0" encoding="utf-8"?><testsuites name="pytest tests"><testsuite name="pytest" errors="0" failures="0" skipped="0" tests="21" time="6.499" timestamp="2026-07-03T14:40:05.973545+00:00" hostname="agent-env-ced2d1d1-d2cb-4319-8187-ff3e5c88eda7"><testcase classname="backend.tests.test_iteration23_pdf_field_extraction.TestModuleImports" name="test_symbols_importable" time="0.000" /><testcase classname="backend.tests.test_iteration23_pdf_field_extraction.TestParserAcroForm" name="test_parse_pdf_returns_182_fields" time="0.034" /><testcase classname="backend.tests.test_iteration23_pdf_field_extraction.TestParserAcroForm" name="test_every_field_has_required_keys" time="0.032" /><testcase classname="backend.tests.test_iteration23_pdf_field_extraction.TestParserAcroForm" name="test_field_type_distinct_values" time="0.032" /><testcase classname="backend.tests.test_iteration23_pdf_field_extraction.TestParserAcroForm" name="test_positions_are_valid_rects" time="0.031" /><testcase classname="backend.tests.test_iteration23_pdf_field_extraction.TestParserAcroForm" name="test_all_sources_are_acroform" time="0.032" /><testcase classname="backend.tests.test_iteration23_pdf_field_extraction.TestParserAcroForm" name="test_last_name_field_present" time="0.032" /><testcase classname="backend.tests.test_iteration23_pdf_field_extraction.TestParserAcroForm" name="test_extract_acroform_equals_parse_pdf" time="0.064" /><testcase classname="backend.tests.test_iteration23_pdf_field_extraction.TestParserTextHeuristic" name="test_flat_pdf_has_no_widgets" time="0.003" /><testcase classname="backend.tests.test_iteration23_pdf_field_extraction.TestParserTextHeuristic" name="test_text_heuristic_returns_text_fields" time="0.005" /><testcase classname="backend.tests.test_iteration23_pdf_field_extraction.TestParserTextHeuristic" name="test_parse_pdf_falls_back_to_text" time="0.002" /><testcase classname="backend.tests.test_iteration23_pdf_field_extraction.TestUploadHook" name="test_upload_stores_schema_row" time="1.914" /><testcase classname="backend.tests.test_iteration23_pdf_field_extraction.TestSchemaEndpoint" name="test_get_schema_success" time="0.182" /><testcase classname="backend.tests.test_iteration23_pdf_field_extraction.TestSchemaEndpoint" name="test_get_schema_missing_doc_404" time="0.231" /><testcase classname="backend.tests.test_iteration23_pdf_field_extraction.TestSchemaEndpoint" name="test_get_schema_requires_auth" time="0.133" /><testcase classname="backend.tests.test_iteration23_pdf_field_extraction.TestSchemaEndpoint" name="test_lazy_backfill_after_delete" time="0.211" /><testcase classname="backend.tests.test_iteration23_pdf_field_extraction.TestNonPdfDoc" name="test_non_pdf_returns_empty_schema" time="0.996" /><testcase classname="backend.tests.test_iteration23_pdf_field_extraction.TestFormSchemaRegression" name="test_legacy_form_schema_endpoint" time="0.171" /><testcase classname="backend.tests.test_iteration23_pdf_field_extraction.TestFormSchemaRegression" name="test_new_schema_endpoint_separate_from_form_schema" time="0.251" /><testcase classname="backend.tests.test_iteration23_pdf_field_extraction.TestMetadataOnlyUpload" name="test_no_file_base64_upload_ok" time="0.523" /><testcase classname="backend.tests.test_iteration23_pdf_field_extraction.TestCleanup" name="test_delete_document" time="1.390" /></testsuite></testsuites>