<?xml version="1.0" encoding="utf-8"?><testsuites name="pytest tests"><testsuite name="pytest" errors="0" failures="5" skipped="0" tests="74" time="106.364" timestamp="2026-06-21T15:02:12.140143+00:00" hostname="agent-env-ced2d1d1-d2cb-4319-8187-ff3e5c88eda7"><testcase classname="tests.test_healthguard_api.TestAuth" name="test_health" time="0.285" /><testcase classname="tests.test_healthguard_api.TestAuth" name="test_login_admin_seeded" time="0.382" /><testcase classname="tests.test_healthguard_api.TestAuth" name="test_login_caregiver_seeded" time="0.329" /><testcase classname="tests.test_healthguard_api.TestAuth" name="test_login_invalid" time="0.361" /><testcase classname="tests.test_healthguard_api.TestAuth" name="test_register_and_duplicate" time="0.501" /><testcase classname="tests.test_healthguard_api.TestAuth" name="test_me_unauthorized" time="0.135" /><testcase classname="tests.test_healthguard_api.TestAuth" name="test_me_authorized" time="0.504" /><testcase classname="tests.test_healthguard_api.TestRBAC" name="test_caregiver_cannot_create_client" time="0.432" /><testcase classname="tests.test_healthguard_api.TestRBAC" name="test_caregiver_cannot_create_training" time="0.097" /><testcase classname="tests.test_healthguard_api.TestRBAC" name="test_caregiver_cannot_create_onboarding" time="0.278" /><testcase classname="tests.test_healthguard_api.TestClients" name="test_client_crud" time="0.563" /><testcase classname="tests.test_healthguard_api.TestCaregivers" name="test_list_caregivers" time="0.154" /><testcase classname="tests.test_healthguard_api.TestDocuments" name="test_doc_create_admin" time="0.524" /><testcase classname="tests.test_healthguard_api.TestDocuments" name="test_caregiver_cannot_delete" time="0.291" /><testcase classname="tests.test_healthguard_api.TestDocuments" name="test_caregiver_scoping" time="1.357" /><testcase classname="tests.test_healthguard_api.TestAssignments" name="test_assignment_crud_and_scope" time="0.563" /><testcase classname="tests.test_healthguard_api.TestTraining" name="test_training_lifecycle_and_idempotent_complete" time="0.660" /><testcase classname="tests.test_healthguard_api.TestOnboarding" name="test_onboarding_toggle" time="0.504" /><testcase classname="tests.test_healthguard_api.TestStats" name="test_stats" time="0.103" /><testcase classname="tests.test_healthguard_api.TestAssistant" name="test_chat_stream_and_history" time="3.075" /><testcase classname="tests.test_iteration2_templates_credentials.TestAdminRebrand" name="test_admin_name_is_sister_to_sister" time="0.311" /><testcase classname="tests.test_iteration2_templates_credentials.TestSeedTemplates" name="test_seed_forbidden_for_caregiver" time="0.096" /><testcase classname="tests.test_iteration2_templates_credentials.TestSeedTemplates" name="test_seed_unauthorized" time="0.091" /><testcase classname="tests.test_iteration2_templates_credentials.TestSeedTemplates" name="test_seed_creates_then_idempotent" time="0.216"><failure message="AssertionError: Seeding should be idempotent, got created=11 on 2nd run&#10;assert 11 == 0">tests/test_iteration2_templates_credentials.py:69: in test_seed_creates_then_idempotent
    assert body2["created"] == 0, (
E   AssertionError: Seeding should be idempotent, got created=11 on 2nd run
E   assert 11 == 0</failure></testcase><testcase classname="tests.test_iteration2_templates_credentials.TestSeedTemplates" name="test_client_onboarding_seeded_10_sorted" time="0.226"><failure message="AssertionError: Expected 10 client_onboarding templates, got 0&#10;assert 0 == 10&#10; +  where 0 = len([])">tests/test_iteration2_templates_credentials.py:92: in test_client_onboarding_seeded_10_sorted
    assert len(templates) == 10, f"Expected 10 client_onboarding templates, got {len(templates)}"
E   AssertionError: Expected 10 client_onboarding templates, got 0
E   assert 0 == 10
E    +  where 0 = len([])</failure></testcase><testcase classname="tests.test_iteration2_templates_credentials.TestSeedTemplates" name="test_caregiver_onboarding_seeded_12_sorted" time="0.242"><failure message="AssertionError: Expected 12 caregiver_onboarding templates, got 11&#10;assert 11 == 12&#10; +  where 11 = len([{'id': 'ae482ea8-0071-49b9-9a49-451be51e468e', 'title': '02 - Form I-9 Employment Eligibility', 'category': 'caregiver_onboarding', 'owner_id': None, ...}, {'id': '985f4cba-e8a6-4f35-bd9d-b88c36015b39', 'title': '03 - Form W-4 Tax Withholding', 'category': 'caregiver_onboarding', 'owner_id': None, ...}, {'id': 'f67cb99e-f727-41b6-b9e6-2050031ab7c1', 'title': '04 - Direct Deposit Authorization', 'category': 'caregiver_onboarding', 'owner_id': None, ...}, {'id': '71a26c59-331b-4a07-aadd-1927bc1b728e', 'title': '05 - OIG / Background Check Authorization', 'category': 'caregiver_onboarding', 'owner_id': None, ...}, {'id': '5021c90e-bc29-4857-8081-4fdd9a9e95e3', 'title': '06 - TB Test / Health Clearance', 'category': 'caregiver_onboarding', 'owner_id': None, ...}, {'id': 'ed57043b-f784-42cd-ad4f-a5144179a257', 'title': '07 - Confidentiality &amp; HIPAA Agreement', 'category': 'caregiver_onboarding', 'owner_id': None, ...}, ...])">tests/test_iteration2_templates_credentials.py:114: in test_caregiver_onboarding_seeded_12_sorted
    assert len(templates) == 12, (
E   AssertionError: Expected 12 caregiver_onboarding templates, got 11
E   assert 11 == 12
E    +  where 11 = len([{'id': 'ae482ea8-0071-49b9-9a49-451be51e468e', 'title': '02 - Form I-9 Employment Eligibility', 'category': 'caregiver_onboarding', 'owner_id': None, ...}, {'id': '985f4cba-e8a6-4f35-bd9d-b88c36015b39', 'title': '03 - Form W-4 Tax Withholding', 'category': 'caregiver_onboarding', 'owner_id': None, ...}, {'id': 'f67cb99e-f727-41b6-b9e6-2050031ab7c1', 'title': '04 - Direct Deposit Authorization', 'category': 'caregiver_onboarding', 'owner_id': None, ...}, {'id': '71a26c59-331b-4a07-aadd-1927bc1b728e', 'title': '05 - OIG / Background Check Authorization', 'category': 'caregiver_onboarding', 'owner_id': None, ...}, {'id': '5021c90e-bc29-4857-8081-4fdd9a9e95e3', 'title': '06 - TB Test / Health Clearance', 'category': 'caregiver_onboarding', 'owner_id': None, ...}, {'id': 'ed57043b-f784-42cd-ad4f-a5144179a257', 'title': '07 - Confidentiality &amp; HIPAA Agreement', 'category': 'caregiver_onboarding', 'owner_id': None, ...}, ...])</failure></testcase><testcase classname="tests.test_iteration2_templates_credentials.TestSeedTemplates" name="test_policy_seeded_10" time="0.406"><failure message="AssertionError: Expected 10 policy stubs, got 11&#10;assert 11 == 10&#10; +  where 11 = len([{'id': '3d3302fd-09f6-4d93-baf3-ac155deeefa9', 'title': '01 - Code of Conduct', 'category': 'policy', 'owner_id': None, ...}, {'id': '10cac2c3-2c17-4e7e-ab35-146d4c60e190', 'title': 'Policy &amp; Procedure Handbook — Sister to Sister, PHCP', 'category': 'policy', 'owner_id': None, ...}, {'id': '40617f80-c89b-4b88-bebd-0174c6563982', 'title': '02 - HIPAA Privacy Policy', 'category': 'policy', 'owner_id': None, ...}, {'id': '0e098041-ba54-4924-a692-f0ffb9e63103', 'title': '03 - Bloodborne Pathogens &amp; Infection Control', 'category': 'policy', 'owner_id': None, ...}, {'id': '6707fee3-3ccb-4d3c-bd84-1b23952613f4', 'title': '04 - Emergency Preparedness Plan', 'category': 'policy', 'owner_id': None, ...}, {'id': 'bb81f728-8858-416e-85df-29e5ba94e148', 'title': '05 - Medication Management Policy', 'category': 'policy', 'owner_id': None, ...}, ...])">tests/test_iteration2_templates_credentials.py:135: in test_policy_seeded_10
    assert len(policy_stubs) == 10, f"Expected 10 policy stubs, got {len(policy_stubs)}"
E   AssertionError: Expected 10 policy stubs, got 11
E   assert 11 == 10
E    +  where 11 = len([{'id': '3d3302fd-09f6-4d93-baf3-ac155deeefa9', 'title': '01 - Code of Conduct', 'category': 'policy', 'owner_id': None, ...}, {'id': '10cac2c3-2c17-4e7e-ab35-146d4c60e190', 'title': 'Policy &amp; Procedure Handbook — Sister to Sister, PHCP', 'category': 'policy', 'owner_id': None, ...}, {'id': '40617f80-c89b-4b88-bebd-0174c6563982', 'title': '02 - HIPAA Privacy Policy', 'category': 'policy', 'owner_id': None, ...}, {'id': '0e098041-ba54-4924-a692-f0ffb9e63103', 'title': '03 - Bloodborne Pathogens &amp; Infection Control', 'category': 'policy', 'owner_id': None, ...}, {'id': '6707fee3-3ccb-4d3c-bd84-1b23952613f4', 'title': '04 - Emergency Preparedness Plan', 'category': 'policy', 'owner_id': None, ...}, {'id': 'bb81f728-8858-416e-85df-29e5ba94e148', 'title': '05 - Medication Management Policy', 'category': 'policy', 'owner_id': None, ...}, ...])</failure></testcase><testcase classname="tests.test_iteration2_templates_credentials.TestCredentials" name="test_credentials_templates_admin" time="0.093" /><testcase classname="tests.test_iteration2_templates_credentials.TestCredentials" name="test_credentials_templates_caregiver" time="0.089" /><testcase classname="tests.test_iteration2_templates_credentials.TestCredentials" name="test_credentials_templates_unauthorized" time="0.087" /><testcase classname="tests.test_iteration2_templates_credentials.TestCredentials" name="test_caregiver_create_credential_and_persist" time="0.501" /><testcase classname="tests.test_iteration2_templates_credentials.TestCredentials" name="test_caregiver_document_scoping_with_templates" time="0.811" /><testcase classname="tests.test_iteration2_templates_credentials.TestCredentials" name="test_credentials_expiring_scoping" time="0.991" /><testcase classname="tests.test_iteration2_templates_credentials.TestCredentials" name="test_credentials_expiring_unauthorized" time="0.093" /><testcase classname="tests.test_iteration2_templates_credentials.TestStatsRegression" name="test_stats_shape_unchanged" time="0.096" /><testcase classname="tests.test_iteration3_push_and_assignments.TestDocumentPush" name="test_push_clones_to_caregiver_and_client" time="0.902" /><testcase classname="tests.test_iteration3_push_and_assignments.TestDocumentPush" name="test_push_404_for_missing_source" time="0.108" /><testcase classname="tests.test_iteration3_push_and_assignments.TestDocumentPush" name="test_push_requires_admin" time="0.240" /><testcase classname="tests.test_iteration3_push_and_assignments.TestDocumentPush" name="test_push_ignores_invalid_targets" time="0.261" /><testcase classname="tests.test_iteration3_push_and_assignments.TestAssignmentIdempotency" name="test_same_pair_twice_returns_existing" time="0.355" /><testcase classname="tests.test_iteration4_shifts.TestOneOffShifts" name="test_admin_creates_one_off_and_lists" time="0.457" /><testcase classname="tests.test_iteration4_shifts.TestRecurringShifts" name="test_recurring_expands_into_children" time="0.307" /><testcase classname="tests.test_iteration4_shifts.TestRecurringShifts" name="test_delete_recurring_cascade" time="0.426" /><testcase classname="tests.test_iteration4_shifts.TestCaregiverSelfScheduling" name="test_caregiver_cannot_schedule_for_unassigned_client" time="0.201" /><testcase classname="tests.test_iteration4_shifts.TestCaregiverSelfScheduling" name="test_caregiver_can_schedule_for_assigned_client" time="0.294" /><testcase classname="tests.test_iteration4_shifts.TestCaregiverSelfScheduling" name="test_caregiver_cannot_schedule_for_other_caregiver" time="0.194" /><testcase classname="tests.test_iteration4_shifts.TestShiftEdit" name="test_admin_can_edit_all_fields" time="46.100" /><testcase classname="tests.test_iteration4_shifts.TestShiftEdit" name="test_caregiver_can_only_edit_notes_and_service_type" time="2.415" /><testcase classname="tests.test_iteration4_shifts.TestShiftDelete" name="test_caregiver_cannot_delete" time="20.391" /><testcase classname="tests.test_iteration4_shifts.TestClock" name="test_clock_in_then_out" time="0.794" /><testcase classname="tests.test_iteration5_ms_graph.TestMsStatus" name="test_admin_status_returns_configured_true" time="0.108" /><testcase classname="tests.test_iteration5_ms_graph.TestMsStatus" name="test_caregiver_status_forbidden" time="0.141" /><testcase classname="tests.test_iteration5_ms_graph.TestMsAuthUrl" name="test_admin_auth_url_well_formed" time="0.320" /><testcase classname="tests.test_iteration5_ms_graph.TestMsAuthUrl" name="test_caregiver_auth_url_forbidden" time="0.099" /><testcase classname="tests.test_iteration5_ms_graph.TestMsCallback" name="test_callback_with_error_returns_html_not_500" time="0.090" /><testcase classname="tests.test_iteration5_ms_graph.TestMsCallback" name="test_callback_with_no_code_no_error" time="0.095" /><testcase classname="tests.test_iteration5_ms_graph.TestMsDisconnectAndEmail" name="test_caregiver_disconnect_forbidden" time="0.103" /><testcase classname="tests.test_iteration5_ms_graph.TestMsDisconnectAndEmail" name="test_admin_disconnect_ok" time="1.239" /><testcase classname="tests.test_iteration5_ms_graph.TestMsDisconnectAndEmail" name="test_caregiver_email_recipients_forbidden" time="0.102" /><testcase classname="tests.test_iteration5_ms_graph.TestMsDisconnectAndEmail" name="test_admin_set_email_recipients_persists" time="0.304" /><testcase classname="tests.test_iteration5_ms_graph.TestMsExportNow" name="test_caregiver_export_forbidden" time="0.097" /><testcase classname="tests.test_iteration5_ms_graph.TestMsExportNow" name="test_admin_export_without_connection_returns_400_not_connected" time="0.191"><failure message="AssertionError: {'detail': 'Please connect Microsoft 365 first.'}&#10;assert 'not_connected' in 'please connect microsoft 365 first.'&#10; +  where 'please connect microsoft 365 first.' = &lt;built-in method lower of str object at 0xf9bb33eff1b0&gt;()&#10; +    where &lt;built-in method lower of str object at 0xf9bb33eff1b0&gt; = 'Please connect Microsoft 365 first.'.lower&#10; +      where 'Please connect Microsoft 365 first.' = str('Please connect Microsoft 365 first.')">tests/test_iteration5_ms_graph.py:141: in test_admin_export_without_connection_returns_400_not_connected
    assert "not_connected" in str(detail).lower(), j
E   AssertionError: {'detail': 'Please connect Microsoft 365 first.'}
E   assert 'not_connected' in 'please connect microsoft 365 first.'
E    +  where 'please connect microsoft 365 first.' = &lt;built-in method lower of str object at 0xf9bb33eff1b0&gt;()
E    +    where &lt;built-in method lower of str object at 0xf9bb33eff1b0&gt; = 'Please connect Microsoft 365 first.'.lower
E    +      where 'Please connect Microsoft 365 first.' = str('Please connect Microsoft 365 first.')</failure></testcase><testcase classname="tests.test_iteration5_ms_graph.TestAuditBinderRegression" name="test_admin_can_download_audit_binder_pdf" time="12.745" /><testcase classname="tests.test_iteration5_ms_graph.TestAuditBinderRegression" name="test_caregiver_cannot_download_audit_binder" time="0.130" /><testcase classname="tests.test_iteration5_ms_graph.TestUnrelatedRegression" name="test_login_still_works" time="0.319" /><testcase classname="tests.test_iteration5_ms_graph.TestUnrelatedRegression" name="test_documents_list_still_works" time="0.379" /><testcase classname="tests.test_iteration5_ms_graph.TestUnrelatedRegression" name="test_shifts_list_still_works" time="0.119" /><testcase classname="tests.test_iteration5_ms_graph.TestUnrelatedRegression" name="test_assignments_list_still_works" time="0.101" /><testcase classname="tests.test_iteration5_ms_graph.TestUnrelatedRegression" name="test_caregivers_list_still_works" time="0.181" /><testcase classname="tests.test_iteration5_ms_graph.TestMsAuthRequired" name="test_endpoint_requires_auth[GET-/api/ms/status]" time="0.108" /><testcase classname="tests.test_iteration5_ms_graph.TestMsAuthRequired" name="test_endpoint_requires_auth[GET-/api/ms/auth-url]" time="0.101" /><testcase classname="tests.test_iteration5_ms_graph.TestMsAuthRequired" name="test_endpoint_requires_auth[POST-/api/ms/disconnect]" time="0.097" /><testcase classname="tests.test_iteration5_ms_graph.TestMsAuthRequired" name="test_endpoint_requires_auth[POST-/api/ms/email-recipients]" time="0.100" /><testcase classname="tests.test_iteration5_ms_graph.TestMsAuthRequired" name="test_endpoint_requires_auth[POST-/api/ms/export-now]" time="0.092" /></testsuite></testsuites>