<?xml version="1.0" encoding="utf-8"?><testsuites name="pytest tests"><testsuite name="pytest" errors="0" failures="0" skipped="0" tests="4" time="2.123" timestamp="2026-08-03T15:40:22.751314+00:00" hostname="agent-env-ced2d1d1-d2cb-4319-8187-ff3e5c88eda7"><testcase classname="backend.tests.test_legacy_auth.TestLegacyAuth" name="test_admin_login_success" time="0.492" /><testcase classname="backend.tests.test_legacy_auth.TestLegacyAuth" name="test_caregiver_login_success" time="0.301" /><testcase classname="backend.tests.test_legacy_auth.TestLegacyAuth" name="test_wrong_password_401" time="0.301" /><testcase classname="backend.tests.test_legacy_auth.TestLegacyAuth" name="test_authed_me_after_login" time="1.008" /></testsuite></testsuites>