<?xml version="1.0" encoding="utf-8"?><testsuites name="pytest tests"><testsuite name="pytest" errors="0" failures="0" skipped="0" tests="38" time="13.454" timestamp="2026-06-26T20:45:02.788411+00:00" hostname="agent-env-ced2d1d1-d2cb-4319-8187-ff3e5c88eda7"><testcase classname="backend.tests.test_iteration18_phase4i_register_supabase.TestRegisterFreshUser" name="test_register_returns_200_with_token" time="1.153" /><testcase classname="backend.tests.test_iteration18_phase4i_register_supabase.TestRegisterFreshUser" name="test_mongo_row_exists" time="0.014" /><testcase classname="backend.tests.test_iteration18_phase4i_register_supabase.TestRegisterFreshUser" name="test_supabase_auth_user_has_same_uuid" time="0.104" /><testcase classname="backend.tests.test_iteration18_phase4i_register_supabase.TestRegisterFreshUser" name="test_public_profiles_row_matches" time="0.207" /><testcase classname="backend.tests.test_iteration18_phase4i_register_supabase.TestRegisterFreshUser" name="test_legacy_token_authenticates_me" time="0.207" /><testcase classname="backend.tests.test_iteration18_phase4i_register_supabase.TestRegisterFreshUser" name="test_supabase_password_grant_works" time="0.187" /><testcase classname="backend.tests.test_iteration18_phase4i_register_supabase.TestRegisterFreshUser" name="test_supabase_token_authenticates_backend_me" time="0.493" /><testcase classname="backend.tests.test_iteration18_phase4i_register_supabase.TestRegisterDuplicateEmail" name="test_existing_admin_email_returns_400" time="0.143" /><testcase classname="backend.tests.test_iteration18_phase4i_register_supabase.TestRegisterDuplicateEmail" name="test_no_extra_supabase_user_created_on_dupe" time="0.376" /><testcase classname="backend.tests.test_iteration18_phase4i_register_supabase.TestRegisterAdminRole" name="test_admin_register_role_in_response" time="0.635" /><testcase classname="backend.tests.test_iteration18_phase4i_register_supabase.TestRegisterAdminRole" name="test_admin_supabase_metadata_role" time="0.099" /><testcase classname="backend.tests.test_iteration18_phase4i_register_supabase.TestRegisterAdminRole" name="test_admin_profiles_role" time="0.189" /><testcase classname="backend.tests.test_iteration18_phase4i_register_supabase.TestRegisterAdminRole" name="test_admin_can_supabase_login" time="0.185" /><testcase classname="backend.tests.test_iteration18_phase4i_register_supabase.TestSeededUserParity" name="test_admin_uuid_matches_across_stores" time="0.318" /><testcase classname="backend.tests.test_iteration18_phase4i_register_supabase.TestSeededUserParity" name="test_caregiver_uuid_matches_across_stores" time="0.298" /><testcase classname="backend.tests.test_iteration18_phase4i_register_supabase.TestSeededUserParity" name="test_admin_can_login_both_modes" time="0.536" /><testcase classname="backend.tests.test_iteration18_phase4i_register_supabase.TestSeededUserParity" name="test_caregiver_can_login_both_modes" time="0.529" /><testcase classname="backend.tests.test_iteration18_phase4i_register_supabase.TestCleanupParity" name="test_cleanup_removes_from_all_stores" time="1.355" /><testcase classname="backend.tests.test_iteration18_phase4i_register_supabase.TestRegressionAtoH" name="test_with_legacy_admin_token[/api/auth/me-None]" time="0.591" /><testcase classname="backend.tests.test_iteration18_phase4i_register_supabase.TestRegressionAtoH" name="test_with_legacy_admin_token[/api/caregivers-None]" time="0.375" /><testcase classname="backend.tests.test_iteration18_phase4i_register_supabase.TestRegressionAtoH" name="test_with_legacy_admin_token[/api/clients-None]" time="0.405" /><testcase classname="backend.tests.test_iteration18_phase4i_register_supabase.TestRegressionAtoH" name="test_with_legacy_admin_token[/api/assignments-None]" time="0.223" /><testcase classname="backend.tests.test_iteration18_phase4i_register_supabase.TestRegressionAtoH" name="test_with_legacy_admin_token[/api/documents-None]" time="0.446" /><testcase classname="backend.tests.test_iteration18_phase4i_register_supabase.TestRegressionAtoH" name="test_with_legacy_admin_token[/api/shifts-None]" time="0.225" /><testcase classname="backend.tests.test_iteration18_phase4i_register_supabase.TestRegressionAtoH" name="test_with_legacy_admin_token[/api/chat/threads-None]" time="0.230" /><testcase classname="backend.tests.test_iteration18_phase4i_register_supabase.TestRegressionAtoH" name="test_with_legacy_admin_token[/api/onboarding-params7]" time="0.222" /><testcase classname="backend.tests.test_iteration18_phase4i_register_supabase.TestRegressionAtoH" name="test_with_legacy_admin_token[/api/policies/acknowledgments-None]" time="0.220" /><testcase classname="backend.tests.test_iteration18_phase4i_register_supabase.TestRegressionAtoH" name="test_with_legacy_admin_token[/api/training-None]" time="0.233" /><testcase classname="backend.tests.test_iteration18_phase4i_register_supabase.TestRegressionAtoH" name="test_with_supabase_admin_token[/api/auth/me-None]" time="0.360" /><testcase classname="backend.tests.test_iteration18_phase4i_register_supabase.TestRegressionAtoH" name="test_with_supabase_admin_token[/api/caregivers-None]" time="0.229" /><testcase classname="backend.tests.test_iteration18_phase4i_register_supabase.TestRegressionAtoH" name="test_with_supabase_admin_token[/api/clients-None]" time="0.310" /><testcase classname="backend.tests.test_iteration18_phase4i_register_supabase.TestRegressionAtoH" name="test_with_supabase_admin_token[/api/assignments-None]" time="0.225" /><testcase classname="backend.tests.test_iteration18_phase4i_register_supabase.TestRegressionAtoH" name="test_with_supabase_admin_token[/api/documents-None]" time="0.462" /><testcase classname="backend.tests.test_iteration18_phase4i_register_supabase.TestRegressionAtoH" name="test_with_supabase_admin_token[/api/shifts-None]" time="0.226" /><testcase classname="backend.tests.test_iteration18_phase4i_register_supabase.TestRegressionAtoH" name="test_with_supabase_admin_token[/api/chat/threads-None]" time="0.230" /><testcase classname="backend.tests.test_iteration18_phase4i_register_supabase.TestRegressionAtoH" name="test_with_supabase_admin_token[/api/onboarding-params7]" time="0.233" /><testcase classname="backend.tests.test_iteration18_phase4i_register_supabase.TestRegressionAtoH" name="test_with_supabase_admin_token[/api/policies/acknowledgments-None]" time="0.232" /><testcase classname="backend.tests.test_iteration18_phase4i_register_supabase.TestRegressionAtoH" name="test_with_supabase_admin_token[/api/training-None]" time="0.543" /></testsuite></testsuites>