<?xml version="1.0" encoding="utf-8"?><testsuites name="pytest tests"><testsuite name="pytest" errors="0" failures="0" skipped="0" tests="28" time="24.784" timestamp="2026-06-26T14:27:27.863494+00:00" hostname="agent-env-ced2d1d1-d2cb-4319-8187-ff3e5c88eda7"><testcase classname="backend.tests.test_iteration12_phase4c_documents_dualwrite.TestCreateDocumentWithBlob" name="test_create_with_blob_returns_document_shape" time="1.393" /><testcase classname="backend.tests.test_iteration12_phase4c_documents_dualwrite.TestCreateDocumentWithBlob" name="test_blob_doc_in_postgres_with_storage_path" time="0.218" /><testcase classname="backend.tests.test_iteration12_phase4c_documents_dualwrite.TestCreateDocumentWithBlob" name="test_blob_in_supabase_storage" time="0.185" /><testcase classname="backend.tests.test_iteration12_phase4c_documents_dualwrite.TestCreateDocumentMetadataOnly" name="test_create_metadata_only" time="0.236" /><testcase classname="backend.tests.test_iteration12_phase4c_documents_dualwrite.TestCreateDocumentMetadataOnly" name="test_meta_only_in_postgres_no_storage_path" time="0.205" /><testcase classname="backend.tests.test_iteration12_phase4c_documents_dualwrite.TestCreateDocumentMetadataOnly" name="test_meta_only_no_blob_in_storage" time="0.149" /><testcase classname="backend.tests.test_iteration12_phase4c_documents_dualwrite.TestSignedUrl" name="test_signed_url_for_blob_doc" time="0.515" /><testcase classname="backend.tests.test_iteration12_phase4c_documents_dualwrite.TestSignedUrl" name="test_signed_url_for_meta_only_returns_404" time="0.335" /><testcase classname="backend.tests.test_iteration12_phase4c_documents_dualwrite.TestSignedUrl" name="test_signed_url_unknown_id_404" time="0.297" /><testcase classname="backend.tests.test_iteration12_phase4c_documents_dualwrite.TestDeleteCascade" name="test_delete_blob_doc_cascades" time="1.807" /><testcase classname="backend.tests.test_iteration12_phase4c_documents_dualwrite.TestPushClones" name="test_push_clones_into_both_dbs_and_storage" time="2.399" /><testcase classname="backend.tests.test_iteration12_phase4c_documents_dualwrite.TestSignDocument" name="test_sign_creates_new_doc_with_own_blob" time="2.439" /><testcase classname="backend.tests.test_iteration12_phase4c_documents_dualwrite.TestSubmitForm" name="test_submit_form_dualwrite" time="1.980" /><testcase classname="backend.tests.test_iteration12_phase4c_documents_dualwrite.TestSliceARegression" name="test_auth_me[legacy]" time="0.905" /><testcase classname="backend.tests.test_iteration12_phase4c_documents_dualwrite.TestSliceARegression" name="test_auth_me[supabase]" time="0.306" /><testcase classname="backend.tests.test_iteration12_phase4c_documents_dualwrite.TestSliceARegression" name="test_caregivers[legacy]" time="0.234" /><testcase classname="backend.tests.test_iteration12_phase4c_documents_dualwrite.TestSliceARegression" name="test_caregivers[supabase]" time="0.238" /><testcase classname="backend.tests.test_iteration12_phase4c_documents_dualwrite.TestSliceARegression" name="test_clients_list_and_get[legacy]" time="0.744" /><testcase classname="backend.tests.test_iteration12_phase4c_documents_dualwrite.TestSliceARegression" name="test_clients_list_and_get[supabase]" time="0.647" /><testcase classname="backend.tests.test_iteration12_phase4c_documents_dualwrite.TestSliceARegression" name="test_stats[legacy]" time="0.523" /><testcase classname="backend.tests.test_iteration12_phase4c_documents_dualwrite.TestSliceARegression" name="test_stats[supabase]" time="0.540" /><testcase classname="backend.tests.test_iteration12_phase4c_documents_dualwrite.TestSliceBRegression" name="test_client_create_dualwrite_and_delete_cascade" time="1.920" /><testcase classname="backend.tests.test_iteration12_phase4c_documents_dualwrite.TestDocumentReadsRegression" name="test_list_documents_still_mongo" time="0.405" /><testcase classname="backend.tests.test_iteration12_phase4c_documents_dualwrite.TestDocumentReadsRegression" name="test_get_single_document_full_payload" time="0.587" /><testcase classname="backend.tests.test_iteration12_phase4c_documents_dualwrite.TestOtherRoutes" name="test_shifts" time="0.166" /><testcase classname="backend.tests.test_iteration12_phase4c_documents_dualwrite.TestOtherRoutes" name="test_onboarding" time="0.164" /><testcase classname="backend.tests.test_iteration12_phase4c_documents_dualwrite.TestOtherRoutes" name="test_training" time="0.168" /><testcase classname="backend.tests.test_iteration12_phase4c_documents_dualwrite.TestParity" name="test_mongo_and_pg_document_counts_match" time="4.829" /></testsuite></testsuites>