<?xml version="1.0" encoding="utf-8"?><testsuites name="pytest tests"><testsuite name="pytest" errors="0" failures="0" skipped="0" tests="28" time="20.269" timestamp="2026-06-26T14:46:45.167622+00:00" hostname="agent-env-ced2d1d1-d2cb-4319-8187-ff3e5c88eda7"><testcase classname="backend.tests.test_iteration13_phase4d_shifts_dualwrite.TestCreateOneOffShift" name="test_create_one_off_dualwrite" time="1.413" /><testcase classname="backend.tests.test_iteration13_phase4d_shifts_dualwrite.TestUpdateShift" name="test_admin_update_notes_mirrors_to_pg" time="0.725" /><testcase classname="backend.tests.test_iteration13_phase4d_shifts_dualwrite.TestUpdateShift" name="test_admin_can_update_start_time" time="0.955" /><testcase classname="backend.tests.test_iteration13_phase4d_shifts_dualwrite.TestUpdateShift" name="test_caregiver_can_update_notes_only" time="2.102" /><testcase classname="backend.tests.test_iteration13_phase4d_shifts_dualwrite.TestRecurringShift" name="test_recurring_creates_parent_and_children" time="1.575" /><testcase classname="backend.tests.test_iteration13_phase4d_shifts_dualwrite.TestDeleteShift" name="test_delete_recurring_cascades" time="1.342" /><testcase classname="backend.tests.test_iteration13_phase4d_shifts_dualwrite.TestDeleteShift" name="test_delete_one_off_clears_pg" time="0.718" /><testcase classname="backend.tests.test_iteration13_phase4d_shifts_dualwrite.TestClockInOut" name="test_clock_in_sets_in_progress_and_location_jsonb" time="0.696" /><testcase classname="backend.tests.test_iteration13_phase4d_shifts_dualwrite.TestClockInOut" name="test_clock_out_sets_completed" time="0.946" /><testcase classname="backend.tests.test_iteration13_phase4d_shifts_dualwrite.TestListShifts" name="test_admin_get_excludes_recurring_parents" time="0.740" /><testcase classname="backend.tests.test_iteration13_phase4d_shifts_dualwrite.TestListShifts" name="test_admin_filter_by_caregiver" time="0.237" /><testcase classname="backend.tests.test_iteration13_phase4d_shifts_dualwrite.TestListShifts" name="test_admin_filter_by_date_range" time="0.242" /><testcase classname="backend.tests.test_iteration13_phase4d_shifts_dualwrite.TestListShifts" name="test_caregiver_only_sees_own_shifts" time="0.241" /><testcase classname="backend.tests.test_iteration13_phase4d_shifts_dualwrite.TestListShifts" name="test_supabase_jwt_get_shifts" time="0.494" /><testcase classname="backend.tests.test_iteration13_phase4d_shifts_dualwrite.TestSliceABCRegression" name="test_auth_me[legacy_token]" time="0.175" /><testcase classname="backend.tests.test_iteration13_phase4d_shifts_dualwrite.TestSliceABCRegression" name="test_auth_me[supabase_token]" time="0.173" /><testcase classname="backend.tests.test_iteration13_phase4d_shifts_dualwrite.TestSliceABCRegression" name="test_caregivers_list[legacy_token]" time="0.244" /><testcase classname="backend.tests.test_iteration13_phase4d_shifts_dualwrite.TestSliceABCRegression" name="test_caregivers_list[supabase_token]" time="0.242" /><testcase classname="backend.tests.test_iteration13_phase4d_shifts_dualwrite.TestSliceABCRegression" name="test_clients_list[legacy_token]" time="0.443" /><testcase classname="backend.tests.test_iteration13_phase4d_shifts_dualwrite.TestSliceABCRegression" name="test_clients_list[supabase_token]" time="0.304" /><testcase classname="backend.tests.test_iteration13_phase4d_shifts_dualwrite.TestSliceABCRegression" name="test_clients_detail[legacy_token]" time="0.628" /><testcase classname="backend.tests.test_iteration13_phase4d_shifts_dualwrite.TestSliceABCRegression" name="test_clients_detail[supabase_token]" time="0.615" /><testcase classname="backend.tests.test_iteration13_phase4d_shifts_dualwrite.TestSliceABCRegression" name="test_stats[legacy_token]" time="0.526" /><testcase classname="backend.tests.test_iteration13_phase4d_shifts_dualwrite.TestSliceABCRegression" name="test_stats[supabase_token]" time="0.548" /><testcase classname="backend.tests.test_iteration13_phase4d_shifts_dualwrite.TestSliceABCRegression" name="test_documents_list[legacy_token]" time="0.402" /><testcase classname="backend.tests.test_iteration13_phase4d_shifts_dualwrite.TestSliceABCRegression" name="test_documents_list[supabase_token]" time="0.413" /><testcase classname="backend.tests.test_iteration13_phase4d_shifts_dualwrite.TestParity" name="test_pg_shifts_count_reasonable" time="0.477" /><testcase classname="backend.tests.test_iteration13_phase4d_shifts_dualwrite.TestParity" name="test_pg_recurring_parents_have_no_orphan_children" time="2.611" /></testsuite></testsuites>