<?xml version="1.0" encoding="utf-8"?><testsuites name="pytest tests"><testsuite name="pytest" errors="0" failures="0" skipped="0" tests="33" time="19.047" timestamp="2026-06-26T15:33:59.976467+00:00" hostname="agent-env-ced2d1d1-d2cb-4319-8187-ff3e5c88eda7"><testcase classname="backend.tests.test_iteration16_phase4g_packets_dualwrite.TestPacketShareCreate" name="test_admin_creates_packet_dual_write" time="1.789" /><testcase classname="backend.tests.test_iteration16_phase4g_packets_dualwrite.TestPacketShareCreate" name="test_caregiver_cannot_share" time="0.535" /><testcase classname="backend.tests.test_iteration16_phase4g_packets_dualwrite.TestPacketShareCreate" name="test_no_auth_cannot_share" time="0.102" /><testcase classname="backend.tests.test_iteration16_phase4g_packets_dualwrite.TestPacketGet" name="test_get_unknown_token_404" time="0.213" /><testcase classname="backend.tests.test_iteration16_phase4g_packets_dualwrite.TestPacketGet" name="test_first_view_sets_viewed_at_in_both" time="1.287" /><testcase classname="backend.tests.test_iteration16_phase4g_packets_dualwrite.TestPacketStampedPdf" name="test_returns_pdf_with_watermark" time="0.896" /><testcase classname="backend.tests.test_iteration16_phase4g_packets_dualwrite.TestPacketStampedPdf" name="test_unknown_token_404" time="0.103" /><testcase classname="backend.tests.test_iteration16_phase4g_packets_dualwrite.TestPacketStampedPdf" name="test_unknown_doc_404" time="0.642" /><testcase classname="backend.tests.test_iteration16_phase4g_packets_dualwrite.TestPacketSign" name="test_invalid_signature_400" time="0.634" /><testcase classname="backend.tests.test_iteration16_phase4g_packets_dualwrite.TestPacketSign" name="test_unknown_token_404" time="0.099" /><testcase classname="backend.tests.test_iteration16_phase4g_packets_dualwrite.TestPacketSign" name="test_unknown_doc_404" time="0.339" /><testcase classname="backend.tests.test_iteration16_phase4g_packets_dualwrite.TestPacketSign" name="test_sign_dual_writes_signed_doc_and_signed_ids" time="2.030" /><testcase classname="backend.tests.test_iteration16_phase4g_packets_dualwrite.TestPacketSign" name="test_sign_same_doc_twice_idempotent_in_pg" time="2.054" /><testcase classname="backend.tests.test_iteration16_phase4g_packets_dualwrite.TestRegressionAtoF" name="test_auth_me[legacy_admin_token]" time="0.203" /><testcase classname="backend.tests.test_iteration16_phase4g_packets_dualwrite.TestRegressionAtoF" name="test_auth_me[supabase_admin_token]" time="0.784" /><testcase classname="backend.tests.test_iteration16_phase4g_packets_dualwrite.TestRegressionAtoF" name="test_caregivers[legacy_admin_token]" time="0.232" /><testcase classname="backend.tests.test_iteration16_phase4g_packets_dualwrite.TestRegressionAtoF" name="test_caregivers[supabase_admin_token]" time="0.238" /><testcase classname="backend.tests.test_iteration16_phase4g_packets_dualwrite.TestRegressionAtoF" name="test_clients_list_and_detail[legacy_admin_token]" time="0.731" /><testcase classname="backend.tests.test_iteration16_phase4g_packets_dualwrite.TestRegressionAtoF" name="test_clients_list_and_detail[supabase_admin_token]" time="0.600" /><testcase classname="backend.tests.test_iteration16_phase4g_packets_dualwrite.TestRegressionAtoF" name="test_assignments[legacy_admin_token]" time="0.251" /><testcase classname="backend.tests.test_iteration16_phase4g_packets_dualwrite.TestRegressionAtoF" name="test_assignments[supabase_admin_token]" time="0.231" /><testcase classname="backend.tests.test_iteration16_phase4g_packets_dualwrite.TestRegressionAtoF" name="test_documents[legacy_admin_token]" time="0.501" /><testcase classname="backend.tests.test_iteration16_phase4g_packets_dualwrite.TestRegressionAtoF" name="test_documents[supabase_admin_token]" time="0.422" /><testcase classname="backend.tests.test_iteration16_phase4g_packets_dualwrite.TestRegressionAtoF" name="test_shifts[legacy_admin_token]" time="0.234" /><testcase classname="backend.tests.test_iteration16_phase4g_packets_dualwrite.TestRegressionAtoF" name="test_shifts[supabase_admin_token]" time="0.229" /><testcase classname="backend.tests.test_iteration16_phase4g_packets_dualwrite.TestRegressionAtoF" name="test_chat_threads[legacy_admin_token]" time="0.234" /><testcase classname="backend.tests.test_iteration16_phase4g_packets_dualwrite.TestRegressionAtoF" name="test_chat_threads[supabase_admin_token]" time="0.229" /><testcase classname="backend.tests.test_iteration16_phase4g_packets_dualwrite.TestRegressionAtoF" name="test_chat_contacts[legacy_admin_token]" time="0.266" /><testcase classname="backend.tests.test_iteration16_phase4g_packets_dualwrite.TestRegressionAtoF" name="test_chat_contacts[supabase_admin_token]" time="0.232" /><testcase classname="backend.tests.test_iteration16_phase4g_packets_dualwrite.TestRegressionAtoF" name="test_onboarding_admin_can_filter[legacy_admin_token]" time="0.228" /><testcase classname="backend.tests.test_iteration16_phase4g_packets_dualwrite.TestRegressionAtoF" name="test_onboarding_admin_can_filter[supabase_admin_token]" time="0.231" /><testcase classname="backend.tests.test_iteration16_phase4g_packets_dualwrite.TestParity" name="test_packet_shares_drift_within_tolerance" time="0.224" /><testcase classname="backend.tests.test_iteration16_phase4g_packets_dualwrite.TestParity" name="test_documents_drift_within_tolerance" time="1.689" /></testsuite></testsuites>