<?xml version="1.0" encoding="utf-8"?><testsuites name="pytest tests"><testsuite name="pytest" errors="0" failures="0" skipped="0" tests="21" time="12.554" timestamp="2026-06-26T21:07:01.203059+00:00" hostname="agent-env-ced2d1d1-d2cb-4319-8187-ff3e5c88eda7"><testcase classname="backend.tests.test_iteration19_phase5j_phase6.TestLegacyAuth" name="test_login_returns_token_and_user" time="0.418" /><testcase classname="backend.tests.test_iteration19_phase5j_phase6.TestLegacyAuth" name="test_me_with_legacy_jwt" time="0.703" /><testcase classname="backend.tests.test_iteration19_phase5j_phase6.TestSupabaseAuth" name="test_password_grant_returns_token" time="0.402" /><testcase classname="backend.tests.test_iteration19_phase5j_phase6.TestSupabaseAuth" name="test_supabase_me_returns_admin_with_legacy_uuid" time="0.308" /><testcase classname="backend.tests.test_iteration19_phase5j_phase6.TestSupabaseAuth" name="test_legacy_me_accepts_supabase_jwt" time="0.199" /><testcase classname="backend.tests.test_iteration19_phase5j_phase6.TestClientsCRUDSupabase" name="test_clients_list" time="0.391" /><testcase classname="backend.tests.test_iteration19_phase5j_phase6.TestClientsCRUDSupabase" name="test_create_and_delete_client" time="0.765" /><testcase classname="backend.tests.test_iteration19_phase5j_phase6.TestCaregivers" name="test_caregivers_list" time="0.220" /><testcase classname="backend.tests.test_iteration19_phase5j_phase6.TestAssignments" name="test_assignments_flow" time="0.982" /><testcase classname="backend.tests.test_iteration19_phase5j_phase6.TestDocuments" name="test_documents_list" time="0.402" /><testcase classname="backend.tests.test_iteration19_phase5j_phase6.TestDocuments" name="test_document_signed_url" time="1.785" /><testcase classname="backend.tests.test_iteration19_phase5j_phase6.TestChat" name="test_chat_threads_requires_auth" time="0.095" /><testcase classname="backend.tests.test_iteration19_phase5j_phase6.TestChat" name="test_chat_threads_with_supabase_jwt" time="0.226" /><testcase classname="backend.tests.test_iteration19_phase5j_phase6.TestPolicies" name="test_acks_list" time="0.223" /><testcase classname="backend.tests.test_iteration19_phase5j_phase6.TestPolicies" name="test_acknowledge_and_delete" time="0.840" /><testcase classname="backend.tests.test_iteration19_phase5j_phase6.TestTraining" name="test_training_full_flow" time="0.882" /><testcase classname="backend.tests.test_iteration19_phase5j_phase6.TestOnboarding" name="test_onboarding_for_caregiver" time="0.217" /><testcase classname="backend.tests.test_iteration19_phase5j_phase6.TestPackets" name="test_packet_share_and_fetch" time="0.541" /><testcase classname="backend.tests.test_iteration19_phase5j_phase6.TestMsDualWrite" name="test_status_configured" time="0.157" /><testcase classname="backend.tests.test_iteration19_phase5j_phase6.TestMsDualWrite" name="test_email_recipients_dual_write_and_disconnect_dual_delete" time="2.249" /><testcase classname="backend.tests.test_iteration19_phase5j_phase6.TestStats" name="test_stats_counts" time="0.470" /></testsuite></testsuites>