<?xml version="1.0" encoding="utf-8"?><testsuites name="pytest tests"><testsuite name="pytest" errors="0" failures="0" skipped="0" tests="31" time="14.829" timestamp="2026-06-26T15:18:37.584741+00:00" hostname="agent-env-ced2d1d1-d2cb-4319-8187-ff3e5c88eda7"><testcase classname="backend.tests.test_iteration15_phase4f_onboarding_dualwrite.TestCreateStep" name="test_admin_creates_step_dualwrite" time="1.526" /><testcase classname="backend.tests.test_iteration15_phase4f_onboarding_dualwrite.TestCreateStep" name="test_caregiver_cannot_create_step" time="0.588" /><testcase classname="backend.tests.test_iteration15_phase4f_onboarding_dualwrite.TestListSteps" name="test_admin_filter_by_caregiver" time="0.711" /><testcase classname="backend.tests.test_iteration15_phase4f_onboarding_dualwrite.TestListSteps" name="test_caregiver_sees_only_own_steps" time="0.436" /><testcase classname="backend.tests.test_iteration15_phase4f_onboarding_dualwrite.TestToggleStep" name="test_toggle_flips_completed_and_completed_at_in_both_dbs" time="1.170" /><testcase classname="backend.tests.test_iteration15_phase4f_onboarding_dualwrite.TestToggleStep" name="test_caregiver_can_toggle_own_step" time="0.472" /><testcase classname="backend.tests.test_iteration15_phase4f_onboarding_dualwrite.TestToggleStep" name="test_caregiver_cannot_toggle_others_step" time="0.707" /><testcase classname="backend.tests.test_iteration15_phase4f_onboarding_dualwrite.TestToggleStep" name="test_toggle_nonexistent_returns_404" time="0.169" /><testcase classname="backend.tests.test_iteration15_phase4f_onboarding_dualwrite.TestDeleteStep" name="test_admin_delete_removes_from_both_dbs" time="0.731" /><testcase classname="backend.tests.test_iteration15_phase4f_onboarding_dualwrite.TestDeleteStep" name="test_caregiver_cannot_delete" time="0.609" /><testcase classname="backend.tests.test_iteration15_phase4f_onboarding_dualwrite.TestBulkAssign" name="test_bulk_assign_idempotent_for_existing_caregiver" time="0.356" /><testcase classname="backend.tests.test_iteration15_phase4f_onboarding_dualwrite.TestBulkAssign" name="test_bulk_assign_unknown_caregiver_returns_404" time="0.177" /><testcase classname="backend.tests.test_iteration15_phase4f_onboarding_dualwrite.TestBulkAssign" name="test_caregiver_cannot_bulk_assign" time="0.240" /><testcase classname="backend.tests.test_iteration15_phase4f_onboarding_dualwrite.TestSliceABCDERegression" name="test_auth_me[legacy_admin_token]" time="0.168" /><testcase classname="backend.tests.test_iteration15_phase4f_onboarding_dualwrite.TestSliceABCDERegression" name="test_auth_me[supabase_admin_token]" time="0.951" /><testcase classname="backend.tests.test_iteration15_phase4f_onboarding_dualwrite.TestSliceABCDERegression" name="test_caregivers[legacy_admin_token]" time="0.244" /><testcase classname="backend.tests.test_iteration15_phase4f_onboarding_dualwrite.TestSliceABCDERegression" name="test_caregivers[supabase_admin_token]" time="0.241" /><testcase classname="backend.tests.test_iteration15_phase4f_onboarding_dualwrite.TestSliceABCDERegression" name="test_clients_list_and_detail[legacy_admin_token]" time="0.732" /><testcase classname="backend.tests.test_iteration15_phase4f_onboarding_dualwrite.TestSliceABCDERegression" name="test_clients_list_and_detail[supabase_admin_token]" time="0.686" /><testcase classname="backend.tests.test_iteration15_phase4f_onboarding_dualwrite.TestSliceABCDERegression" name="test_assignments[legacy_admin_token]" time="0.232" /><testcase classname="backend.tests.test_iteration15_phase4f_onboarding_dualwrite.TestSliceABCDERegression" name="test_assignments[supabase_admin_token]" time="0.247" /><testcase classname="backend.tests.test_iteration15_phase4f_onboarding_dualwrite.TestSliceABCDERegression" name="test_documents[legacy_admin_token]" time="0.413" /><testcase classname="backend.tests.test_iteration15_phase4f_onboarding_dualwrite.TestSliceABCDERegression" name="test_documents[supabase_admin_token]" time="0.416" /><testcase classname="backend.tests.test_iteration15_phase4f_onboarding_dualwrite.TestSliceABCDERegression" name="test_shifts[legacy_admin_token]" time="0.239" /><testcase classname="backend.tests.test_iteration15_phase4f_onboarding_dualwrite.TestSliceABCDERegression" name="test_shifts[supabase_admin_token]" time="0.246" /><testcase classname="backend.tests.test_iteration15_phase4f_onboarding_dualwrite.TestSliceABCDERegression" name="test_chat_threads[legacy_admin_token]" time="0.251" /><testcase classname="backend.tests.test_iteration15_phase4f_onboarding_dualwrite.TestSliceABCDERegression" name="test_chat_threads[supabase_admin_token]" time="0.246" /><testcase classname="backend.tests.test_iteration15_phase4f_onboarding_dualwrite.TestSliceABCDERegression" name="test_chat_contacts[legacy_admin_token]" time="0.240" /><testcase classname="backend.tests.test_iteration15_phase4f_onboarding_dualwrite.TestSliceABCDERegression" name="test_chat_contacts[supabase_admin_token]" time="0.230" /><testcase classname="backend.tests.test_iteration15_phase4f_onboarding_dualwrite.TestParity" name="test_onboarding_counts_within_tolerance" time="0.225" /><testcase classname="backend.tests.test_iteration15_phase4f_onboarding_dualwrite.TestParity" name="test_caregiver_onboarding_counts_match_per_caregiver" time="0.739" /></testsuite></testsuites>