<?xml version="1.0" encoding="utf-8"?><testsuites name="pytest tests"><testsuite name="pytest" errors="0" failures="0" skipped="0" tests="24" time="18.301" timestamp="2026-06-21T14:44:16.711151+00:00" hostname="agent-env-ced2d1d1-d2cb-4319-8187-ff3e5c88eda7"><testcase classname="backend.tests.test_iteration5_ms_graph.TestMsStatus" name="test_admin_status_returns_configured_true" time="0.530" /><testcase classname="backend.tests.test_iteration5_ms_graph.TestMsStatus" name="test_caregiver_status_forbidden" time="0.444" /><testcase classname="backend.tests.test_iteration5_ms_graph.TestMsAuthUrl" name="test_admin_auth_url_well_formed" time="0.374" /><testcase classname="backend.tests.test_iteration5_ms_graph.TestMsAuthUrl" name="test_caregiver_auth_url_forbidden" time="0.129" /><testcase classname="backend.tests.test_iteration5_ms_graph.TestMsCallback" name="test_callback_with_error_returns_html_not_500" time="0.132" /><testcase classname="backend.tests.test_iteration5_ms_graph.TestMsCallback" name="test_callback_with_no_code_no_error" time="0.098" /><testcase classname="backend.tests.test_iteration5_ms_graph.TestMsDisconnectAndEmail" name="test_caregiver_disconnect_forbidden" time="0.090" /><testcase classname="backend.tests.test_iteration5_ms_graph.TestMsDisconnectAndEmail" name="test_admin_disconnect_ok" time="0.228" /><testcase classname="backend.tests.test_iteration5_ms_graph.TestMsDisconnectAndEmail" name="test_caregiver_email_recipients_forbidden" time="0.095" /><testcase classname="backend.tests.test_iteration5_ms_graph.TestMsDisconnectAndEmail" name="test_admin_set_email_recipients_persists" time="0.299" /><testcase classname="backend.tests.test_iteration5_ms_graph.TestMsExportNow" name="test_caregiver_export_forbidden" time="0.093" /><testcase classname="backend.tests.test_iteration5_ms_graph.TestMsExportNow" name="test_admin_export_without_connection_returns_400_not_connected" time="0.241" /><testcase classname="backend.tests.test_iteration5_ms_graph.TestAuditBinderRegression" name="test_admin_can_download_audit_binder_pdf" time="13.828" /><testcase classname="backend.tests.test_iteration5_ms_graph.TestAuditBinderRegression" name="test_caregiver_cannot_download_audit_binder" time="0.198" /><testcase classname="backend.tests.test_iteration5_ms_graph.TestUnrelatedRegression" name="test_login_still_works" time="0.327" /><testcase classname="backend.tests.test_iteration5_ms_graph.TestUnrelatedRegression" name="test_documents_list_still_works" time="0.332" /><testcase classname="backend.tests.test_iteration5_ms_graph.TestUnrelatedRegression" name="test_shifts_list_still_works" time="0.092" /><testcase classname="backend.tests.test_iteration5_ms_graph.TestUnrelatedRegression" name="test_assignments_list_still_works" time="0.102" /><testcase classname="backend.tests.test_iteration5_ms_graph.TestUnrelatedRegression" name="test_caregivers_list_still_works" time="0.145" /><testcase classname="backend.tests.test_iteration5_ms_graph.TestMsAuthRequired" name="test_endpoint_requires_auth[GET-/api/ms/status]" time="0.092" /><testcase classname="backend.tests.test_iteration5_ms_graph.TestMsAuthRequired" name="test_endpoint_requires_auth[GET-/api/ms/auth-url]" time="0.095" /><testcase classname="backend.tests.test_iteration5_ms_graph.TestMsAuthRequired" name="test_endpoint_requires_auth[POST-/api/ms/disconnect]" time="0.093" /><testcase classname="backend.tests.test_iteration5_ms_graph.TestMsAuthRequired" name="test_endpoint_requires_auth[POST-/api/ms/email-recipients]" time="0.097" /><testcase classname="backend.tests.test_iteration5_ms_graph.TestMsAuthRequired" name="test_endpoint_requires_auth[POST-/api/ms/export-now]" time="0.095" /></testsuite></testsuites>