<?xml version="1.0" encoding="utf-8"?><testsuites name="pytest tests"><testsuite name="pytest" errors="0" failures="0" skipped="0" tests="21" time="7.226" timestamp="2026-06-26T05:12:44.720146+00:00" hostname="agent-env-ced2d1d1-d2cb-4319-8187-ff3e5c88eda7"><testcase classname="backend.tests.test_iteration10_phase4a_postgres_reads.TestLoginRegression" name="test_legacy_login_returns_jwt" time="0.531" /><testcase classname="backend.tests.test_iteration10_phase4a_postgres_reads.TestLoginRegression" name="test_supabase_login_returns_es256_jwt" time="0.471" /><testcase classname="backend.tests.test_iteration10_phase4a_postgres_reads.TestConvertedEndpointsLegacy" name="test_auth_me_legacy" time="1.407" /><testcase classname="backend.tests.test_iteration10_phase4a_postgres_reads.TestConvertedEndpointsLegacy" name="test_caregivers_legacy" time="0.177" /><testcase classname="backend.tests.test_iteration10_phase4a_postgres_reads.TestConvertedEndpointsLegacy" name="test_clients_legacy" time="0.341" /><testcase classname="backend.tests.test_iteration10_phase4a_postgres_reads.TestConvertedEndpointsLegacy" name="test_client_by_id_legacy" time="0.437" /><testcase classname="backend.tests.test_iteration10_phase4a_postgres_reads.TestConvertedEndpointsLegacy" name="test_stats_legacy" time="0.430" /><testcase classname="backend.tests.test_iteration10_phase4a_postgres_reads.TestConvertedEndpointsSupabase" name="test_auth_me_supabase" time="0.197" /><testcase classname="backend.tests.test_iteration10_phase4a_postgres_reads.TestConvertedEndpointsSupabase" name="test_caregivers_supabase" time="0.174" /><testcase classname="backend.tests.test_iteration10_phase4a_postgres_reads.TestConvertedEndpointsSupabase" name="test_clients_supabase" time="0.212" /><testcase classname="backend.tests.test_iteration10_phase4a_postgres_reads.TestConvertedEndpointsSupabase" name="test_client_by_id_supabase" time="0.417" /><testcase classname="backend.tests.test_iteration10_phase4a_postgres_reads.TestConvertedEndpointsSupabase" name="test_stats_supabase" time="0.428" /><testcase classname="backend.tests.test_iteration10_phase4a_postgres_reads.TestConvertedEndpointsSupabase" name="test_legacy_and_supabase_return_same_shape" time="0.849" /><testcase classname="backend.tests.test_iteration10_phase4a_postgres_reads.TestMongoRegression" name="test_documents_still_mongo" time="0.342" /><testcase classname="backend.tests.test_iteration10_phase4a_postgres_reads.TestMongoRegression" name="test_assignments_still_mongo" time="0.109" /><testcase classname="backend.tests.test_iteration10_phase4a_postgres_reads.TestMongoRegression" name="test_onboarding_still_mongo" time="0.112" /><testcase classname="backend.tests.test_iteration10_phase4a_postgres_reads.TestMongoRegression" name="test_shifts_still_mongo" time="0.112" /><testcase classname="backend.tests.test_iteration10_phase4a_postgres_reads.TestPostgresParity" name="test_profiles_count" time="0.408" /><testcase classname="backend.tests.test_iteration10_phase4a_postgres_reads.TestPostgresParity" name="test_clients_count" time="0.000" /><testcase classname="backend.tests.test_iteration10_phase4a_postgres_reads.TestPostgresParity" name="test_documents_count" time="0.000" /><testcase classname="backend.tests.test_iteration10_phase4a_postgres_reads.TestPostgresParity" name="test_caregivers_count" time="0.001" /></testsuite></testsuites>