<?xml version="1.0" encoding="utf-8"?><testsuites name="pytest tests"><testsuite name="pytest" errors="0" failures="0" skipped="0" tests="28" time="19.209" timestamp="2026-06-26T15:03:14.758776+00:00" hostname="agent-env-ced2d1d1-d2cb-4319-8187-ff3e5c88eda7"><testcase classname="backend.tests.test_iteration14_phase4e_chat_dualwrite.TestSendDM" name="test_admin_send_dm_dualwrite" time="1.784" /><testcase classname="backend.tests.test_iteration14_phase4e_chat_dualwrite.TestSendDM" name="test_caregiver_reply_dualwrite" time="0.884" /><testcase classname="backend.tests.test_iteration14_phase4e_chat_dualwrite.TestSendDM" name="test_empty_text_returns_400" time="0.199" /><testcase classname="backend.tests.test_iteration14_phase4e_chat_dualwrite.TestSendDM" name="test_nonexistent_recipient_returns_404" time="0.173" /><testcase classname="backend.tests.test_iteration14_phase4e_chat_dualwrite.TestThreads" name="test_admin_threads_shows_caregiver_with_unread" time="0.718" /><testcase classname="backend.tests.test_iteration14_phase4e_chat_dualwrite.TestThreads" name="test_threads_unread_drops_to_zero_after_read" time="1.101" /><testcase classname="backend.tests.test_iteration14_phase4e_chat_dualwrite.TestConversation" name="test_get_messages_chronological_and_mark_read_dualwrite" time="1.109" /><testcase classname="backend.tests.test_iteration14_phase4e_chat_dualwrite.TestContacts" name="test_admin_sees_caregivers_only" time="0.236" /><testcase classname="backend.tests.test_iteration14_phase4e_chat_dualwrite.TestContacts" name="test_caregiver_sees_admins_only" time="0.248" /><testcase classname="backend.tests.test_iteration14_phase4e_chat_dualwrite.TestAssistantHistory" name="test_history_reads_user_and_assistant_in_order" time="0.662" /><testcase classname="backend.tests.test_iteration14_phase4e_chat_dualwrite.TestAssistantHistory" name="test_history_filtered_by_user_id" time="0.718" /><testcase classname="backend.tests.test_iteration14_phase4e_chat_dualwrite.TestAssistantStream" name="test_assistant_chat_streams_and_dualwrites" time="3.812" /><testcase classname="backend.tests.test_iteration14_phase4e_chat_dualwrite.TestSliceABCDRegression" name="test_auth_me[legacy_admin_token]" time="0.172" /><testcase classname="backend.tests.test_iteration14_phase4e_chat_dualwrite.TestSliceABCDRegression" name="test_auth_me[supabase_admin_token]" time="1.152" /><testcase classname="backend.tests.test_iteration14_phase4e_chat_dualwrite.TestSliceABCDRegression" name="test_stats[legacy_admin_token]" time="0.533" /><testcase classname="backend.tests.test_iteration14_phase4e_chat_dualwrite.TestSliceABCDRegression" name="test_stats[supabase_admin_token]" time="0.501" /><testcase classname="backend.tests.test_iteration14_phase4e_chat_dualwrite.TestSliceABCDRegression" name="test_caregivers[legacy_admin_token]" time="0.243" /><testcase classname="backend.tests.test_iteration14_phase4e_chat_dualwrite.TestSliceABCDRegression" name="test_caregivers[supabase_admin_token]" time="0.253" /><testcase classname="backend.tests.test_iteration14_phase4e_chat_dualwrite.TestSliceABCDRegression" name="test_clients[legacy_admin_token]" time="0.740" /><testcase classname="backend.tests.test_iteration14_phase4e_chat_dualwrite.TestSliceABCDRegression" name="test_clients[supabase_admin_token]" time="0.583" /><testcase classname="backend.tests.test_iteration14_phase4e_chat_dualwrite.TestSliceABCDRegression" name="test_assignments[legacy_admin_token]" time="0.237" /><testcase classname="backend.tests.test_iteration14_phase4e_chat_dualwrite.TestSliceABCDRegression" name="test_assignments[supabase_admin_token]" time="0.229" /><testcase classname="backend.tests.test_iteration14_phase4e_chat_dualwrite.TestSliceABCDRegression" name="test_documents[legacy_admin_token]" time="0.405" /><testcase classname="backend.tests.test_iteration14_phase4e_chat_dualwrite.TestSliceABCDRegression" name="test_documents[supabase_admin_token]" time="0.422" /><testcase classname="backend.tests.test_iteration14_phase4e_chat_dualwrite.TestSliceABCDRegression" name="test_shifts[legacy_admin_token]" time="0.241" /><testcase classname="backend.tests.test_iteration14_phase4e_chat_dualwrite.TestSliceABCDRegression" name="test_shifts[supabase_admin_token]" time="0.233" /><testcase classname="backend.tests.test_iteration14_phase4e_chat_dualwrite.TestParity" name="test_chat_dms_counts_within_tolerance" time="0.239" /><testcase classname="backend.tests.test_iteration14_phase4e_chat_dualwrite.TestParity" name="test_chat_messages_counts_within_tolerance" time="1.189" /></testsuite></testsuites>