<?xml version="1.0" encoding="utf-8"?><testsuites name="pytest tests"><testsuite name="pytest" errors="0" failures="0" skipped="0" tests="15" time="5.078" timestamp="2026-06-19T19:17:08.332346+00:00" hostname="agent-env-ced2d1d1-d2cb-4319-8187-ff3e5c88eda7"><testcase classname="backend.tests.test_iteration2_templates_credentials.TestAdminRebrand" name="test_admin_name_is_sister_to_sister" time="0.376" /><testcase classname="backend.tests.test_iteration2_templates_credentials.TestSeedTemplates" name="test_seed_forbidden_for_caregiver" time="0.451" /><testcase classname="backend.tests.test_iteration2_templates_credentials.TestSeedTemplates" name="test_seed_unauthorized" time="0.111" /><testcase classname="backend.tests.test_iteration2_templates_credentials.TestSeedTemplates" name="test_seed_creates_then_idempotent" time="0.551" /><testcase classname="backend.tests.test_iteration2_templates_credentials.TestSeedTemplates" name="test_client_onboarding_seeded_10_sorted" time="0.213" /><testcase classname="backend.tests.test_iteration2_templates_credentials.TestSeedTemplates" name="test_caregiver_onboarding_seeded_12_sorted" time="0.212" /><testcase classname="backend.tests.test_iteration2_templates_credentials.TestSeedTemplates" name="test_policy_seeded_10" time="0.239" /><testcase classname="backend.tests.test_iteration2_templates_credentials.TestCredentials" name="test_credentials_templates_admin" time="0.103" /><testcase classname="backend.tests.test_iteration2_templates_credentials.TestCredentials" name="test_credentials_templates_caregiver" time="0.112" /><testcase classname="backend.tests.test_iteration2_templates_credentials.TestCredentials" name="test_credentials_templates_unauthorized" time="0.108" /><testcase classname="backend.tests.test_iteration2_templates_credentials.TestCredentials" name="test_caregiver_create_credential_and_persist" time="0.413" /><testcase classname="backend.tests.test_iteration2_templates_credentials.TestCredentials" name="test_caregiver_document_scoping_with_templates" time="0.893" /><testcase classname="backend.tests.test_iteration2_templates_credentials.TestCredentials" name="test_credentials_expiring_scoping" time="1.040" /><testcase classname="backend.tests.test_iteration2_templates_credentials.TestCredentials" name="test_credentials_expiring_unauthorized" time="0.099" /><testcase classname="backend.tests.test_iteration2_templates_credentials.TestStatsRegression" name="test_stats_shape_unchanged" time="0.107" /></testsuite></testsuites>