<?xml version="1.0" encoding="utf-8"?><testsuites name="pytest tests"><testsuite name="pytest" errors="0" failures="0" skipped="0" tests="6" time="4.330" timestamp="2026-06-26T21:21:30.437405+00:00" hostname="agent-env-ced2d1d1-d2cb-4319-8187-ff3e5c88eda7"><testcase classname="backend.tests.test_iteration20_storage_path_gating.TestDocumentsSplit" name="test_list_has_50_items_with_split" time="1.700" /><testcase classname="backend.tests.test_iteration20_storage_path_gating.TestDocumentsSplit" name="test_storage_path_field_is_present_in_payload" time="0.450" /><testcase classname="backend.tests.test_iteration20_storage_path_gating.TestUploadPersistsStoragePath" name="test_create_doc_returns_storage_path" time="0.563" /><testcase classname="backend.tests.test_iteration20_storage_path_gating.TestUploadPersistsStoragePath" name="test_signed_url_endpoint_returns_url_and_path" time="0.306" /><testcase classname="backend.tests.test_iteration20_storage_path_gating.TestUploadPersistsStoragePath" name="test_cleanup_created_doc" time="0.444" /><testcase classname="backend.tests.test_iteration20_storage_path_gating.TestMetadataOnlyDoc404" name="test_metadata_only_doc_returns_404" time="0.840" /></testsuite></testsuites>