<?xml version="1.0" encoding="utf-8"?><testsuites name="pytest tests"><testsuite name="pytest" errors="0" failures="0" skipped="0" tests="4" time="38.569" timestamp="2026-06-27T02:17:46.515181+00:00" hostname="agent-env-ced2d1d1-d2cb-4319-8187-ff3e5c88eda7"><testcase classname="backend.tests.test_iteration22_pdf_unicode_and_auth.TestEmDashDocStamped" name="test_em_dash_doc_returns_200_pdf" time="10.571" /><testcase classname="backend.tests.test_iteration22_pdf_unicode_and_auth.TestEmDashDocStamped" name="test_em_dash_content_disposition_rfc5987" time="8.465" /><testcase classname="backend.tests.test_iteration22_pdf_unicode_and_auth.TestMixedTitleStamped" name="test_three_non_ascii_three_ascii" time="9.861" /><testcase classname="backend.tests.test_iteration22_pdf_unicode_and_auth.TestStampedUniqueness" name="test_five_docs_have_distinct_sha256" time="9.642" /></testsuite></testsuites>