<?xml version="1.0" encoding="utf-8"?><testsuites name="pytest tests"><testsuite name="pytest" errors="0" failures="0" skipped="0" tests="10" time="4.660" timestamp="2026-06-21T14:07:48.518926+00:00" hostname="agent-env-ced2d1d1-d2cb-4319-8187-ff3e5c88eda7"><testcase classname="backend.tests.test_iteration4_shifts.TestOneOffShifts" name="test_admin_creates_one_off_and_lists" time="1.495" /><testcase classname="backend.tests.test_iteration4_shifts.TestRecurringShifts" name="test_recurring_expands_into_children" time="0.393" /><testcase classname="backend.tests.test_iteration4_shifts.TestRecurringShifts" name="test_delete_recurring_cascade" time="0.458" /><testcase classname="backend.tests.test_iteration4_shifts.TestCaregiverSelfScheduling" name="test_caregiver_cannot_schedule_for_unassigned_client" time="0.194" /><testcase classname="backend.tests.test_iteration4_shifts.TestCaregiverSelfScheduling" name="test_caregiver_can_schedule_for_assigned_client" time="0.303" /><testcase classname="backend.tests.test_iteration4_shifts.TestCaregiverSelfScheduling" name="test_caregiver_cannot_schedule_for_other_caregiver" time="0.187" /><testcase classname="backend.tests.test_iteration4_shifts.TestShiftEdit" name="test_admin_can_edit_all_fields" time="0.312" /><testcase classname="backend.tests.test_iteration4_shifts.TestShiftEdit" name="test_caregiver_can_only_edit_notes_and_service_type" time="0.292" /><testcase classname="backend.tests.test_iteration4_shifts.TestShiftDelete" name="test_caregiver_cannot_delete" time="0.307" /><testcase classname="backend.tests.test_iteration4_shifts.TestClock" name="test_clock_in_then_out" time="0.679" /></testsuite></testsuites>