<?xml version="1.0" encoding="utf-8"?><testsuites name="pytest tests"><testsuite name="pytest" errors="0" failures="0" skipped="0" tests="35" time="13.687" timestamp="2026-06-19T19:19:06.359037+00:00" hostname="agent-env-ced2d1d1-d2cb-4319-8187-ff3e5c88eda7"><testcase classname="backend.tests.test_healthguard_api.TestAuth" name="test_health" time="0.217" /><testcase classname="backend.tests.test_healthguard_api.TestAuth" name="test_login_admin_seeded" time="0.344" /><testcase classname="backend.tests.test_healthguard_api.TestAuth" name="test_login_caregiver_seeded" time="0.319" /><testcase classname="backend.tests.test_healthguard_api.TestAuth" name="test_login_invalid" time="0.333" /><testcase classname="backend.tests.test_healthguard_api.TestAuth" name="test_register_and_duplicate" time="0.433" /><testcase classname="backend.tests.test_healthguard_api.TestAuth" name="test_me_unauthorized" time="0.094" /><testcase classname="backend.tests.test_healthguard_api.TestAuth" name="test_me_authorized" time="0.438" /><testcase classname="backend.tests.test_healthguard_api.TestRBAC" name="test_caregiver_cannot_create_client" time="0.421" /><testcase classname="backend.tests.test_healthguard_api.TestRBAC" name="test_caregiver_cannot_create_training" time="0.096" /><testcase classname="backend.tests.test_healthguard_api.TestRBAC" name="test_caregiver_cannot_create_onboarding" time="0.202" /><testcase classname="backend.tests.test_healthguard_api.TestClients" name="test_client_crud" time="0.485" /><testcase classname="backend.tests.test_healthguard_api.TestCaregivers" name="test_list_caregivers" time="0.093" /><testcase classname="backend.tests.test_healthguard_api.TestDocuments" name="test_doc_create_admin" time="0.319" /><testcase classname="backend.tests.test_healthguard_api.TestDocuments" name="test_caregiver_cannot_delete" time="0.285" /><testcase classname="backend.tests.test_healthguard_api.TestDocuments" name="test_caregiver_scoping" time="1.112" /><testcase classname="backend.tests.test_healthguard_api.TestAssignments" name="test_assignment_crud_and_scope" time="0.598" /><testcase classname="backend.tests.test_healthguard_api.TestTraining" name="test_training_lifecycle_and_idempotent_complete" time="0.650" /><testcase classname="backend.tests.test_healthguard_api.TestOnboarding" name="test_onboarding_toggle" time="0.511" /><testcase classname="backend.tests.test_healthguard_api.TestStats" name="test_stats" time="0.099" /><testcase classname="backend.tests.test_healthguard_api.TestAssistant" name="test_chat_stream_and_history" time="2.805" /><testcase classname="backend.tests.test_iteration2_templates_credentials.TestAdminRebrand" name="test_admin_name_is_sister_to_sister" time="0.320" /><testcase classname="backend.tests.test_iteration2_templates_credentials.TestSeedTemplates" name="test_seed_forbidden_for_caregiver" time="0.126" /><testcase classname="backend.tests.test_iteration2_templates_credentials.TestSeedTemplates" name="test_seed_unauthorized" time="0.098" /><testcase classname="backend.tests.test_iteration2_templates_credentials.TestSeedTemplates" name="test_seed_creates_then_idempotent" time="0.208" /><testcase classname="backend.tests.test_iteration2_templates_credentials.TestSeedTemplates" name="test_client_onboarding_seeded_10_sorted" time="0.205" /><testcase classname="backend.tests.test_iteration2_templates_credentials.TestSeedTemplates" name="test_caregiver_onboarding_seeded_12_sorted" time="0.204" /><testcase classname="backend.tests.test_iteration2_templates_credentials.TestSeedTemplates" name="test_policy_seeded_10" time="0.203" /><testcase classname="backend.tests.test_iteration2_templates_credentials.TestCredentials" name="test_credentials_templates_admin" time="0.097" /><testcase classname="backend.tests.test_iteration2_templates_credentials.TestCredentials" name="test_credentials_templates_caregiver" time="0.097" /><testcase classname="backend.tests.test_iteration2_templates_credentials.TestCredentials" name="test_credentials_templates_unauthorized" time="0.094" /><testcase classname="backend.tests.test_iteration2_templates_credentials.TestCredentials" name="test_caregiver_create_credential_and_persist" time="0.302" /><testcase classname="backend.tests.test_iteration2_templates_credentials.TestCredentials" name="test_caregiver_document_scoping_with_templates" time="0.612" /><testcase classname="backend.tests.test_iteration2_templates_credentials.TestCredentials" name="test_credentials_expiring_scoping" time="0.947" /><testcase classname="backend.tests.test_iteration2_templates_credentials.TestCredentials" name="test_credentials_expiring_unauthorized" time="0.097" /><testcase classname="backend.tests.test_iteration2_templates_credentials.TestStatsRegression" name="test_stats_shape_unchanged" time="0.158" /></testsuite></testsuites>