<?xml version="1.0" encoding="utf-8"?><testsuites name="pytest tests"><testsuite name="pytest" errors="0" failures="0" skipped="0" tests="20" time="9.968" timestamp="2026-06-19T18:29:56.140774+00:00" hostname="agent-env-ced2d1d1-d2cb-4319-8187-ff3e5c88eda7"><testcase classname="backend.tests.test_healthguard_api.TestAuth" name="test_health" time="0.136" /><testcase classname="backend.tests.test_healthguard_api.TestAuth" name="test_login_admin_seeded" time="0.334" /><testcase classname="backend.tests.test_healthguard_api.TestAuth" name="test_login_caregiver_seeded" time="0.329" /><testcase classname="backend.tests.test_healthguard_api.TestAuth" name="test_login_invalid" time="0.323" /><testcase classname="backend.tests.test_healthguard_api.TestAuth" name="test_register_and_duplicate" time="0.436" /><testcase classname="backend.tests.test_healthguard_api.TestAuth" name="test_me_unauthorized" time="0.107" /><testcase classname="backend.tests.test_healthguard_api.TestAuth" name="test_me_authorized" time="0.427" /><testcase classname="backend.tests.test_healthguard_api.TestRBAC" name="test_caregiver_cannot_create_client" time="0.408" /><testcase classname="backend.tests.test_healthguard_api.TestRBAC" name="test_caregiver_cannot_create_training" time="0.099" /><testcase classname="backend.tests.test_healthguard_api.TestRBAC" name="test_caregiver_cannot_create_onboarding" time="0.199" /><testcase classname="backend.tests.test_healthguard_api.TestClients" name="test_client_crud" time="0.488" /><testcase classname="backend.tests.test_healthguard_api.TestCaregivers" name="test_list_caregivers" time="0.104" /><testcase classname="backend.tests.test_healthguard_api.TestDocuments" name="test_doc_create_admin" time="0.278" /><testcase classname="backend.tests.test_healthguard_api.TestDocuments" name="test_caregiver_cannot_delete" time="0.287" /><testcase classname="backend.tests.test_healthguard_api.TestDocuments" name="test_caregiver_scoping" time="1.332" /><testcase classname="backend.tests.test_healthguard_api.TestAssignments" name="test_assignment_crud_and_scope" time="0.589" /><testcase classname="backend.tests.test_healthguard_api.TestTraining" name="test_training_lifecycle_and_idempotent_complete" time="0.600" /><testcase classname="backend.tests.test_healthguard_api.TestOnboarding" name="test_onboarding_toggle" time="0.504" /><testcase classname="backend.tests.test_healthguard_api.TestStats" name="test_stats" time="0.096" /><testcase classname="backend.tests.test_healthguard_api.TestAssistant" name="test_chat_stream_and_history" time="2.867" /></testsuite></testsuites>